GROUP,PACKAGE,CLASS,INSTRUCTION_MISSED,INSTRUCTION_COVERED,BRANCH_MISSED,BRANCH_COVERED,LINE_MISSED,LINE_COVERED,COMPLEXITY_MISSED,COMPLEXITY_COVERED,METHOD_MISSED,METHOD_COVERED
SchemaSpy,org.schemaspy.input.dbms,ConnectionURLBuilder,59,171,7,13,8,37,6,10,0,6
SchemaSpy,org.schemaspy.input.dbms,DbDriverLoader,50,594,13,55,11,124,13,36,0,15
SchemaSpy,org.schemaspy.input.dbms,CatalogResolver,5,38,0,4,2,13,0,5,0,3
SchemaSpy,org.schemaspy.input.dbms,SchemaResolver,5,38,0,4,2,13,0,5,0,3
SchemaSpy,org.schemaspy.logging,StackTraceOmitter,4,48,1,3,1,13,1,7,0,6
SchemaSpy,org.schemaspy.output.diagram.graphviz,GraphvizVersion,5,114,2,14,2,28,3,10,1,4
SchemaSpy,org.schemaspy.output.diagram.graphviz,GraphvizDot.ProcessOutputReader,55,0,6,0,14,0,6,0,3,0
SchemaSpy,org.schemaspy.output.diagram.graphviz,GraphvizDot,285,279,25,25,51,57,19,19,3,10
SchemaSpy,org.schemaspy.model,TableColumn.ColumnComparator,0,22,1,1,0,5,1,2,0,2
SchemaSpy,org.schemaspy.model,DbmsMeta,55,0,0,0,15,0,9,0,9,0
SchemaSpy,org.schemaspy.model,Table,205,615,44,64,49,135,38,70,10,44
SchemaSpy,org.schemaspy.model,ImpliedForeignKeyConstraint,47,7,0,0,11,3,2,2,2,2
SchemaSpy,org.schemaspy.model,TableIndex,95,190,24,26,24,45,20,21,3,13
SchemaSpy,org.schemaspy.model,LogicalRemoteTable,2,6,0,0,1,2,1,1,1,1
SchemaSpy,org.schemaspy.model,RemoteTable,0,30,0,0,0,11,0,4,0,4
SchemaSpy,org.schemaspy.model,View,26,0,4,0,8,0,6,0,4,0
SchemaSpy,org.schemaspy.model,DbmsMeta.Builder,68,0,0,0,19,0,10,0,10,0
SchemaSpy,org.schemaspy.model,Sequence,45,0,4,0,14,0,7,0,5,0
SchemaSpy,org.schemaspy.model,DatabaseObject,19,88,2,6,6,21,6,9,4,7
SchemaSpy,org.schemaspy.model,ConsoleProgressListener,274,12,22,0,63,5,22,1,11,1
SchemaSpy,org.schemaspy.model,RoutineParameter,21,0,0,0,8,0,4,0,4,0
SchemaSpy,org.schemaspy.model,LogicalTable,2,8,0,0,1,2,1,1,1,1
SchemaSpy,org.schemaspy.model,ForeignKeyConstraint,212,147,44,10,51,41,37,19,9,17
SchemaSpy,org.schemaspy.model,CombinedMap,92,25,12,2,15,8,18,3,12,2
SchemaSpy,org.schemaspy.model,Schema,13,41,0,2,4,13,3,7,3,6
SchemaSpy,org.schemaspy.model,TableColumn,245,292,36,10,48,84,26,48,5,46
SchemaSpy,org.schemaspy.model,EmptySchemaException,0,3,0,0,0,2,0,1,0,1
SchemaSpy,org.schemaspy.model,RailsForeignKeyConstraint,7,0,0,0,3,0,2,0,2,0
SchemaSpy,org.schemaspy.model,Database,49,87,0,0,10,21,10,9,10,9
SchemaSpy,org.schemaspy.model,Table.ByColumnIdComparator,22,17,7,1,3,5,4,2,0,2
SchemaSpy,org.schemaspy.model,Routine,43,72,6,2,11,22,6,12,3,11
SchemaSpy,org.schemaspy.model,Catalog,13,38,0,2,4,12,3,7,3,6
SchemaSpy,org.schemaspy.model,InvalidConfigurationException,3,38,1,1,1,13,2,6,1,6
SchemaSpy,org.schemaspy.output.xml,XmlProducerException,5,0,0,0,2,0,1,0,1,0
SchemaSpy,org.schemaspy.output.xml.dom,XmlIndexFormatter,14,75,2,4,2,17,3,4,1,3
SchemaSpy,org.schemaspy.output.xml.dom,DOMUtil,0,16,0,2,0,5,0,2,0,1
SchemaSpy,org.schemaspy.output.xml.dom,XmlSequenceFormatter,65,3,4,0,15,1,4,1,2,1
SchemaSpy,org.schemaspy.output.xml.dom,XmlColumnFormatter,66,206,8,10,9,44,8,8,1,6
SchemaSpy,org.schemaspy.output.xml.dom,XmlTableFormatter,49,165,10,8,7,44,10,8,1,8
SchemaSpy,org.schemaspy.output.xml.dom,XmlProducerUsingDOM,208,23,6,0,50,5,5,2,2,2
SchemaSpy,org.schemaspy.output.xml.dom,XmlRoutineFormatter,0,144,1,13,0,32,1,10,0,4
SchemaSpy,org.schemaspy.input.dbms.exceptions,ResourceNotFoundException,0,4,0,0,0,2,0,1,0,1
SchemaSpy,org.schemaspy.input.dbms.exceptions,RuntimeIOException,5,0,0,0,2,0,1,0,1,0
SchemaSpy,org.schemaspy.input.dbms.exceptions,ConnectionFailure,4,19,0,0,2,4,1,2,1,2
SchemaSpy,org.schemaspy.view,HtmlRoutinePage,57,0,0,0,18,0,3,0,3,0
SchemaSpy,org.schemaspy.view,MustacheCustomResolver,0,49,1,3,0,10,1,4,0,3
SchemaSpy,org.schemaspy.view,WriteStats,35,37,6,2,7,12,5,5,1,5
SchemaSpy,org.schemaspy.view,MustacheSchema,11,16,0,0,5,5,3,2,3,2
SchemaSpy,org.schemaspy.view,HtmlTablePage,70,135,6,4,8,37,6,5,1,5
SchemaSpy,org.schemaspy.view,HtmlOrphansPage,5,32,0,0,2,12,0,3,0,3
SchemaSpy,org.schemaspy.view,MustacheCompiler,0,142,0,2,0,27,0,6,0,5
SchemaSpy,org.schemaspy.view,HtmlColumnsPage,200,0,2,0,47,0,11,0,10,0
SchemaSpy,org.schemaspy.view,MustacheTableColumnRelatives,49,0,2,0,12,0,7,0,6,0
SchemaSpy,org.schemaspy.view,PageData,0,26,0,0,0,8,0,5,0,5
SchemaSpy,org.schemaspy.view,HtmlRelationshipsPage,19,57,6,2,3,17,4,5,0,5
SchemaSpy,org.schemaspy.view,MustacheTableDiagram,4,59,1,1,1,24,2,16,1,16
SchemaSpy,org.schemaspy.view,MustacheTableColumn,243,0,40,0,60,0,37,0,17,0
SchemaSpy,org.schemaspy.view,HtmlRoutinesPage,5,41,0,0,2,13,0,4,0,4
SchemaSpy,org.schemaspy.view,PageData.Builder,0,41,0,0,0,11,0,6,0,6
SchemaSpy,org.schemaspy.view,MustacheCatalog,11,16,0,0,5,5,3,2,3,2
SchemaSpy,org.schemaspy.view,HtmlConstraintsPage,80,0,2,0,25,0,8,0,7,0
SchemaSpy,org.schemaspy.view,SqlAnalyzer,269,0,12,0,37,0,9,0,3,0
SchemaSpy,org.schemaspy.view,MustacheTableIndex,41,0,8,0,14,0,8,0,4,0
SchemaSpy,org.schemaspy.view,HtmlAnomaliesPage,8,101,3,3,2,22,3,6,0,6
SchemaSpy,org.schemaspy.view,MustacheCheckConstraint,21,0,0,0,8,0,4,0,4,0
SchemaSpy,org.schemaspy.view,HtmlMultipleSchemasIndexPage,5,54,0,0,2,18,0,3,0,3
SchemaSpy,org.schemaspy.view,TextFormatter,28,0,6,0,7,0,6,0,3,0
SchemaSpy,org.schemaspy.view,HtmlMainIndexPage,77,202,12,2,11,46,11,5,4,5
SchemaSpy,org.schemaspy.view,MustacheTable,30,0,0,0,13,0,7,0,7,0
SchemaSpy,org.schemaspy.cli,CommandLineArgumentParser,45,310,3,17,12,73,3,19,1,11
SchemaSpy,org.schemaspy.cli,CommandLineArguments,12,58,0,2,4,18,4,14,4,13
SchemaSpy,org.schemaspy.cli,ConfigFileArgumentParser,0,36,0,0,0,11,0,2,0,2
SchemaSpy,org.schemaspy.cli,CombinedDefaultProvider,0,69,0,6,0,14,0,7,0,4
SchemaSpy,org.schemaspy.cli,PropertyFileDefaultProvider,19,51,0,0,3,11,0,4,0,4
SchemaSpy,org.schemaspy.cli,DefaultProviderFactory,57,31,4,2,8,6,3,4,0,4
SchemaSpy,org.schemaspy.cli,EnvDefaultProvider,0,6,0,0,0,2,0,2,0,2
SchemaSpy,org.schemaspy.cli,DegreeOfSeparationValidator,0,26,0,4,0,4,0,4,0,2
SchemaSpy,org.schemaspy.cli,ConfigFileArgument,0,7,0,0,0,2,0,2,0,2
SchemaSpy,org.schemaspy.cli,SchemaSpyRunner,74,75,6,4,20,23,6,5,1,5
SchemaSpy,org.schemaspy.util,DbSpecificConfig,5,157,1,5,1,31,2,11,1,9
SchemaSpy,org.schemaspy.util,ManifestUtils,24,35,2,0,5,8,1,3,0,3
SchemaSpy,org.schemaspy.util,CaseInsensitiveMap,7,58,0,4,1,15,1,9,1,7
SchemaSpy,org.schemaspy.util,Inflection,10,372,4,16,4,98,5,18,1,12
SchemaSpy,org.schemaspy.util,Writers,0,22,0,0,0,1,0,1,0,1
SchemaSpy,org.schemaspy.util,ResourceWriter,115,0,16,0,32,0,11,0,3,0
SchemaSpy,org.schemaspy.util,DbSpecificOption,26,27,0,0,1,9,1,5,1,5
SchemaSpy,org.schemaspy.util,Markdown,89,71,7,5,16,19,7,4,2,3
SchemaSpy,org.schemaspy.input.dbms.service.helper,ExportForeignKey.Builder,0,45,0,0,0,12,0,6,0,6
SchemaSpy,org.schemaspy.input.dbms.service.helper,ImportForeignKey,0,51,0,0,0,18,0,9,0,9
SchemaSpy,org.schemaspy.input.dbms.service.helper,BasicTableMeta,45,0,0,0,16,0,8,0,8,0
SchemaSpy,org.schemaspy.input.dbms.service.helper,RemoteTableIdentifier,10,51,0,0,4,20,1,7,1,7
SchemaSpy,org.schemaspy.input.dbms.service.helper,ImportForeignKey.Builder,0,102,0,0,0,27,0,11,0,11
SchemaSpy,org.schemaspy.input.dbms.service.helper,ExportForeignKey,0,21,0,0,0,8,0,4,0,4
SchemaSpy,org.schemaspy.output.diagram,DiagramResults,8,48,2,2,3,15,2,7,0,7
SchemaSpy,org.schemaspy.output.diagram,DiagramFactory,184,0,0,0,30,0,7,0,7,0
SchemaSpy,org.schemaspy.output.diagram,DiagramException,5,4,0,0,2,2,1,1,1,1
SchemaSpy,org.schemaspy.input.dbms.xml,ForeignKeyMeta,110,5,8,0,21,1,10,1,6,1
SchemaSpy,org.schemaspy.input.dbms.xml,SchemaMeta,139,147,13,7,24,41,12,5,3,4
SchemaSpy,org.schemaspy.input.dbms.xml,TableColumnMeta,63,332,18,40,11,74,24,25,8,10
SchemaSpy,org.schemaspy.input.dbms.xml,TableMeta,23,125,3,11,5,25,8,6,5,2
SchemaSpy,org.schemaspy.analyzer,ImpliedConstraintsFinder,6,0,0,0,2,0,2,0,2,0
SchemaSpy,org.schemaspy.input.dbms.config,PropertiesResolver,15,232,0,6,2,55,0,16,0,13
SchemaSpy,org.schemaspy.input.dbms.config,PropertiesFinder,57,109,3,15,18,23,5,12,2,6
SchemaSpy,org.schemaspy.input.dbms.config,ResolutionInfo,0,74,0,0,0,15,0,4,0,4
SchemaSpy,org.schemaspy.output,OutputException,0,9,0,0,0,4,0,2,0,2
SchemaSpy,org.schemaspy.output.diagram.vizjs,VizJSDot,29,80,1,1,9,15,3,3,2,3
SchemaSpy,org.schemaspy.validator,NameValidator,0,128,0,8,0,19,0,7,0,3
SchemaSpy,org.schemaspy,TableOrderer.new Comparator() {...},0,25,2,2,0,7,2,2,0,2
SchemaSpy,org.schemaspy,TableOrderer,0,302,1,35,0,86,1,26,0,9
SchemaSpy,org.schemaspy,WiringConfiguration,0,59,0,0,0,11,0,11,0,11
SchemaSpy,org.schemaspy,Config.MissingRequiredParameterException,48,0,4,0,6,0,5,0,3,0
SchemaSpy,org.schemaspy,SchemaAnalyzer,1172,82,66,2,231,21,47,5,13,5
SchemaSpy,org.schemaspy,Main,3,36,1,1,2,8,1,4,0,4
SchemaSpy,org.schemaspy,SchemaSpyConfiguration,0,39,0,0,0,9,0,4,0,4
SchemaSpy,org.schemaspy,DotConfigUsingConfig,4,28,0,0,1,9,1,6,1,6
SchemaSpy,org.schemaspy,Config,991,1261,155,165,287,310,154,114,40,68
SchemaSpy,org.schemaspy,DbAnalyzer,258,499,58,62,57,96,48,30,8,10
SchemaSpy,org.schemaspy.input.dbms.service,SqlService,362,17,30,0,71,4,26,3,11,3
SchemaSpy,org.schemaspy.input.dbms.service,DatabaseService.ThreadedTableCreator,84,0,4,0,27,0,5,0,3,0
SchemaSpy,org.schemaspy.input.dbms.service,DatabaseService.TableCreator,85,0,6,0,17,0,7,0,4,0
SchemaSpy,org.schemaspy.input.dbms.service,SequenceService,78,11,4,0,21,4,5,2,3,2
SchemaSpy,org.schemaspy.input.dbms.service,ColumnInitializationFailure,32,0,2,0,3,0,2,0,1,0
SchemaSpy,org.schemaspy.input.dbms.service,InconsistencyException,4,0,0,0,2,0,1,0,1,0
SchemaSpy,org.schemaspy.input.dbms.service,IndexService.PrimaryKeyColumn,36,0,0,0,8,0,1,0,1,0
SchemaSpy,org.schemaspy.input.dbms.service,ColumnService,193,224,29,13,39,44,23,7,3,6
SchemaSpy,org.schemaspy.input.dbms.service,DurationFormatter,0,68,0,8,0,14,0,5,0,1
SchemaSpy,org.schemaspy.input.dbms.service,DatabaseService.ThreadedTableCreator.new Thread() {...},49,0,0,0,9,0,2,0,2,0
SchemaSpy,org.schemaspy.input.dbms.service,DbmsService,128,33,0,2,20,9,11,5,11,4
SchemaSpy,org.schemaspy.input.dbms.service,RoutineService,276,11,14,0,67,4,14,2,7,2
SchemaSpy,org.schemaspy.input.dbms.service,IndexService,386,23,36,4,81,5,28,5,10,3
SchemaSpy,org.schemaspy.input.dbms.service,TableService,500,603,60,46,105,127,43,30,7,13
SchemaSpy,org.schemaspy.input.dbms.service,ViewService,254,21,34,0,68,6,25,2,8,2
SchemaSpy,org.schemaspy.input.dbms.service,DatabaseService,1042,113,105,9,210,25,69,7,16,3
SchemaSpy,org.schemaspy.input.dbms.service,TableService.new ForeignKeyConstraint() {...},0,10,0,0,0,2,0,2,0,2
SchemaSpy,org.schemaspy.output.html.mustache.diagrams,MustacheOrphanDiagramFactory,130,0,4,0,29,0,6,0,4,0
SchemaSpy,org.schemaspy.output.html.mustache.diagrams,MustacheDiagramFactory,0,78,0,0,0,17,0,5,0,5
SchemaSpy,org.schemaspy.output.html.mustache.diagrams,MustacheSummaryDiagramFactory,86,312,1,11,10,61,1,10,0,5
SchemaSpy,org.schemaspy.output.html.mustache.diagrams,MustacheTableDiagramFactory,0,311,0,14,0,48,0,11,0,4
SchemaSpy,org.schemaspy.output.html.mustache.diagrams,MustacheSummaryDiagramResults,0,33,0,0,0,12,0,6,0,6
SchemaSpy,org.schemaspy.output.dot.schemaspy,StyleSheet.MissingCssPropertyException,17,0,0,0,2,0,1,0,1,0
SchemaSpy,org.schemaspy.output.dot.schemaspy,DotNodeConfig,12,12,0,0,3,5,1,1,1,1
SchemaSpy,org.schemaspy.output.dot.schemaspy,Html,0,20,0,0,0,7,0,2,0,2
SchemaSpy,org.schemaspy.output.dot.schemaspy,DotOrphanFormatter,39,0,0,0,10,0,2,0,2,0
SchemaSpy,org.schemaspy.output.dot.schemaspy,DotTableFormatter,550,0,90,0,109,0,51,0,6,0
SchemaSpy,org.schemaspy.output.dot.schemaspy,StyleSheet.ParseException,5,0,0,0,2,0,1,0,1,0
SchemaSpy,org.schemaspy.output.dot.schemaspy,DotConnectorFinder,189,0,42,0,39,0,26,0,5,0
SchemaSpy,org.schemaspy.output.dot.schemaspy,StyleSheet,89,275,6,28,14,73,6,25,0,14
SchemaSpy,org.schemaspy.output.dot.schemaspy,ResourceNotFoundException,3,0,0,0,2,0,1,0,1,0
SchemaSpy,org.schemaspy.output.dot.schemaspy,DotNode,162,836,39,43,21,126,37,20,3,13
SchemaSpy,org.schemaspy.output.dot.schemaspy,DotSummaryFormatter,235,0,32,0,49,0,21,0,5,0
SchemaSpy,org.schemaspy.output.dot.schemaspy,DotFormat,144,0,6,0,29,0,5,0,2,0
SchemaSpy,org.schemaspy.output.dot.schemaspy,ResourceFinder,37,114,3,13,6,19,2,11,0,5
SchemaSpy,org.schemaspy.output.dot.schemaspy,DotConnector,282,0,28,0,66,0,28,0,14,0
SchemaSpy,org.schemaspy.output.dot.schemaspy,DotFormatter,78,0,0,0,15,0,6,0,6,0
