<?xml version="1.0" encoding="UTF-8" standalone="yes"?><!DOCTYPE report PUBLIC "-//JACOCO//DTD Report 1.0//EN" "report.dtd"><report name="SchemaSpy"><sessioninfo id="" start="1583451062104" dump="1583451063109"/><sessioninfo id="org.schemaspy.DbAnalyzerTest testGetImpliedConstraints" start="1583451063114" dump="1583451064681"/><sessioninfo id="" start="1583451064712" dump="1583451064717"/><sessioninfo id="org.schemaspy.DbAnalyzerTest testGetImpliedConstraintsWithObscureTableAndColumnNames" start="1583451064719" dump="1583451064724"/><sessioninfo id="" start="1583451064727" dump="1583451064727"/><sessioninfo id="org.schemaspy.DbAnalyzerTest testGetRailsConstraints" start="1583451064729" dump="1583451064729"/><sessioninfo id="" start="1583451064731" dump="1583451064734"/><sessioninfo id="org.schemaspy.ConfigTest testLoadJars" start="1583451064736" dump="1583451064769"/><sessioninfo id="" start="1583451064771" dump="1583451064772"/><sessioninfo id="org.schemaspy.ConfigTest propertiesShouldHaveTrailingSpacesTrimmed" start="1583451064773" dump="1583451064838"/><sessioninfo id="" start="1583451064841" dump="1583451064841"/><sessioninfo id="org.schemaspy.ConfigTest testLoadProperties" start="1583451064843" dump="1583451064853"/><sessioninfo id="" start="1583451064856" dump="1583451064856"/><sessioninfo id="org.schemaspy.ConfigTest determineDdPropertiesWillExtend" start="1583451064858" dump="1583451064890"/><sessioninfo id="" start="1583451064892" dump="1583451064893"/><sessioninfo id="org.schemaspy.ConfigTest determineDbPropertiesNotOnClasspath" start="1583451064894" dump="1583451064897"/><sessioninfo id="" start="1583451064899" dump="1583451064900"/><sessioninfo id="org.schemaspy.ConfigTest exportedKeysCanBeDisabled" start="1583451064901" dump="1583451064902"/><sessioninfo id="" start="1583451064903" dump="1583451064904"/><sessioninfo id="org.schemaspy.ConfigTest exportedKeysIsEnabledByDefault" start="1583451064905" dump="1583451064905"/><sessioninfo id="" start="1583451064907" dump="1583451064907"/><sessioninfo id="org.schemaspy.ConfigTest testConfig" start="1583451064909" dump="1583451064909"/><sessioninfo id="" start="1583451064911" dump="1583451064912"/><sessioninfo id="org.schemaspy.ConfigTest propertiesShouldHaveTrailingSpaces" start="1583451064913" dump="1583451064918"/><sessioninfo id="" start="1583451064920" dump="1583451064921"/><sessioninfo id="org.schemaspy.ConfigTest determineDbPropertiesWillInclude" start="1583451064922" dump="1583451064926"/><sessioninfo id="" start="1583451064928" dump="1583451064932"/><sessioninfo id="org.schemaspy.TableOrdererTest validateSorting" start="1583451064937" dump="1583451064970"/><sessioninfo id="" start="1583451064974" dump="1583451065007"/><sessioninfo id="org.schemaspy.output.diagram.graphviz.GraphvizVersionTest testCompareTo" start="1583451065009" dump="1583451065010"/><sessioninfo id="" start="1583451065012" dump="1583451065012"/><sessioninfo id="org.schemaspy.output.diagram.graphviz.GraphvizVersionTest testExtractMac2222" start="1583451065013" dump="1583451065014"/><sessioninfo id="" start="1583451065015" dump="1583451065015"/><sessioninfo id="org.schemaspy.output.diagram.graphviz.GraphvizVersionTest testExtract2203" start="1583451065017" dump="1583451065017"/><sessioninfo id="" start="1583451065018" dump="1583451065019"/><sessioninfo id="org.schemaspy.output.diagram.graphviz.GraphvizVersionTest testEquals" start="1583451065020" dump="1583451065020"/><sessioninfo id="" start="1583451065022" dump="1583451065022"/><sessioninfo id="org.schemaspy.output.diagram.graphviz.GraphvizVersionTest testNotEquals" start="1583451065023" dump="1583451065024"/><sessioninfo id="" start="1583451065025" dump="1583451065044"/><sessioninfo id="org.schemaspy.output.diagram.graphviz.GraphvizDotTest specifyRenderer" start="1583451065047" dump="1583451065079"/><sessioninfo id="" start="1583451065082" dump="1583451065083"/><sessioninfo id="org.schemaspy.output.diagram.graphviz.GraphvizDotTest version2_26_0" start="1583451065090" dump="1583451065145"/><sessioninfo id="" start="1583451065156" dump="1583451065156"/><sessioninfo id="org.schemaspy.output.diagram.graphviz.GraphvizDotTest version2_28_0" start="1583451065158" dump="1583451065162"/><sessioninfo id="" start="1583451065165" dump="1583451065166"/><sessioninfo id="org.schemaspy.output.diagram.graphviz.GraphvizDotTest version2_32_0" start="1583451065167" dump="1583451065177"/><sessioninfo id="" start="1583451065180" dump="1583451074223"/><sessioninfo id="org.schemaspy.output.diagram.vizjs.VizJSDotTest transformDotToSvg" start="1583451074243" dump="1583451084307"/><sessioninfo id="" start="1583451084322" dump="1583451084535"/><sessioninfo id="org.schemaspy.output.html.mustache.diagrams.MustacheDiagramFactoryTest generateOrphanDiagram" start="1583451084544" dump="1583451084547"/><sessioninfo id="" start="1583451084550" dump="1583451084550"/><sessioninfo id="org.schemaspy.output.html.mustache.diagrams.MustacheDiagramFactoryTest generateSummaryDiagram" start="1583451084551" dump="1583451084552"/><sessioninfo id="" start="1583451084554" dump="1583451084555"/><sessioninfo id="org.schemaspy.output.html.mustache.diagrams.MustacheDiagramFactoryTest generateTableDiagram" start="1583451084556" dump="1583451084557"/><sessioninfo id="" start="1583451084559" dump="1583451084561"/><sessioninfo id="org.schemaspy.output.html.mustache.diagrams.MustacheSummaryDiagramFactoryTest realAndImpliedDiagrams" start="1583451084564" dump="1583451085034"/><sessioninfo id="" start="1583451085046" dump="1583451085047"/><sessioninfo id="org.schemaspy.output.html.mustache.diagrams.MustacheSummaryDiagramFactoryTest noDiagrams" start="1583451085048" dump="1583451085051"/><sessioninfo id="" start="1583451085054" dump="1583451085055"/><sessioninfo id="org.schemaspy.output.html.mustache.diagrams.MustacheSummaryDiagramFactoryTest realDiagrams" start="1583451085056" dump="1583451085063"/><sessioninfo id="" start="1583451085066" dump="1583451085066"/><sessioninfo id="org.schemaspy.output.html.mustache.diagrams.MustacheSummaryDiagramFactoryTest exceptionsAreCaught" start="1583451085068" dump="1583451085076"/><sessioninfo id="" start="1583451085079" dump="1583451085102"/><sessioninfo id="org.schemaspy.output.html.mustache.diagrams.MustacheTableDiagramFactoryTest fourDiagramsTwoIsImplied" start="1583451085105" dump="1583451085113"/><sessioninfo id="" start="1583451085116" dump="1583451085117"/><sessioninfo id="org.schemaspy.output.html.mustache.diagrams.MustacheTableDiagramFactoryTest fourDiagramsTwoIsImpliedOnly1stDegreeOfSeparation" start="1583451085118" dump="1583451085122"/><sessioninfo id="" start="1583451085125" dump="1583451085125"/><sessioninfo id="org.schemaspy.output.html.mustache.diagrams.MustacheTableDiagramFactoryTest onlyOneDiagram" start="1583451085126" dump="1583451085129"/><sessioninfo id="" start="1583451085132" dump="1583451085132"/><sessioninfo id="org.schemaspy.output.html.mustache.diagrams.MustacheTableDiagramFactoryTest onlyTwoDiagram" start="1583451085133" dump="1583451085136"/><sessioninfo id="" start="1583451085139" dump="1583451085139"/><sessioninfo id="org.schemaspy.output.html.mustache.diagrams.MustacheTableDiagramFactoryTest oneDiagrams" start="1583451085140" dump="1583451085143"/><sessioninfo id="" start="1583451085145" dump="1583451085146"/><sessioninfo id="org.schemaspy.output.html.mustache.diagrams.MustacheTableDiagramFactoryTest threeDiagramsOneIsImplied" start="1583451085147" dump="1583451085151"/><sessioninfo id="" start="1583451085154" dump="1583451085156"/><sessioninfo id="org.schemaspy.output.dot.schemaspy.HtmlTest willEscapeEverything" start="1583451085158" dump="1583451085158"/><sessioninfo id="" start="1583451085160" dump="1583451085160"/><sessioninfo id="org.schemaspy.output.dot.schemaspy.HtmlTest willAmpersandQuote" start="1583451085161" dump="1583451085161"/><sessioninfo id="" start="1583451085162" dump="1583451085163"/><sessioninfo id="org.schemaspy.output.dot.schemaspy.HtmlTest willEscapeQuotation" start="1583451085163" dump="1583451085164"/><sessioninfo id="" start="1583451085169" dump="1583451085178"/><sessioninfo id="org.schemaspy.output.dot.schemaspy.HtmlTest willEscapeGreaterThan" start="1583451085179" dump="1583451085180"/><sessioninfo id="" start="1583451085181" dump="1583451085181"/><sessioninfo id="org.schemaspy.output.dot.schemaspy.HtmlTest willEscapeLesserThan" start="1583451085182" dump="1583451085182"/><sessioninfo id="" start="1583451085184" dump="1583451085184"/><sessioninfo id="org.schemaspy.output.dot.schemaspy.HtmlTest willEscapeApostropheQuote" start="1583451085185" dump="1583451085185"/><sessioninfo id="" start="1583451085186" dump="1583451085193"/><sessioninfo id="org.schemaspy.output.dot.schemaspy.ResourceFinderTest canFindInUserHomeDirRootSubPath" start="1583451085197" dump="1583451085200"/><sessioninfo id="" start="1583451085202" dump="1583451085202"/><sessioninfo id="org.schemaspy.output.dot.schemaspy.ResourceFinderTest canFindInWorkDirRootSubPath" start="1583451085203" dump="1583451085205"/><sessioninfo id="" start="1583451085206" dump="1583451085206"/><sessioninfo id="org.schemaspy.output.dot.schemaspy.ResourceFinderTest canFindInClasspathSubPath" start="1583451085207" dump="1583451085208"/><sessioninfo id="" start="1583451085209" dump="1583451085210"/><sessioninfo id="org.schemaspy.output.dot.schemaspy.ResourceFinderTest canFindInClasspathRoot" start="1583451085211" dump="1583451085211"/><sessioninfo id="" start="1583451085212" dump="1583451085213"/><sessioninfo id="org.schemaspy.output.dot.schemaspy.ResourceFinderTest canFindInUserHomeDirRoot" start="1583451085214" dump="1583451085215"/><sessioninfo id="" start="1583451085216" dump="1583451085217"/><sessioninfo id="org.schemaspy.output.dot.schemaspy.ResourceFinderTest canFindInWorkDirRoot" start="1583451085218" dump="1583451085219"/><sessioninfo id="" start="1583451085220" dump="1583451085221"/><sessioninfo id="org.schemaspy.output.dot.schemaspy.DotNodeTest urlEncodeLink" start="1583451085223" dump="1583451085488"/><sessioninfo id="" start="1583451085490" dump="1583451085490"/><sessioninfo id="org.schemaspy.output.dot.schemaspy.DotNodeTest escapeHtml" start="1583451085491" dump="1583451085493"/><sessioninfo id="" start="1583451085496" dump="1583451085496"/><sessioninfo id="org.schemaspy.output.dot.schemaspy.DotNodeTest urlForRemoteInRootNonRelative" start="1583451085497" dump="1583451085499"/><sessioninfo id="" start="1583451085502" dump="1583451085502"/><sessioninfo id="org.schemaspy.output.dot.schemaspy.DotNodeTest htmlEscapeDetailedSize" start="1583451085503" dump="1583451085505"/><sessioninfo id="" start="1583451085507" dump="1583451085508"/><sessioninfo id="org.schemaspy.output.dot.schemaspy.DotNodeTest urlForRemoteNotInRootNonRelative" start="1583451085509" dump="1583451085510"/><sessioninfo id="" start="1583451085513" dump="1583451085513"/><sessioninfo id="org.schemaspy.output.dot.schemaspy.DotNodeTest htmlEscapeShortType" start="1583451085514" dump="1583451085515"/><sessioninfo id="" start="1583451085518" dump="1583451085530"/><sessioninfo id="org.schemaspy.output.dot.schemaspy.StyleSheetTest canGetExcludedColumnBackgroundColor" start="1583451085532" dump="1583451085532"/><sessioninfo id="" start="1583451085534" dump="1583451085534"/><sessioninfo id="org.schemaspy.output.dot.schemaspy.StyleSheetTest canGetTableHeadBackground" start="1583451085535" dump="1583451085535"/><sessioninfo id="" start="1583451085536" dump="1583451085536"/><sessioninfo id="org.schemaspy.output.dot.schemaspy.StyleSheetTest canGetTableBackground" start="1583451085537" dump="1583451085538"/><sessioninfo id="" start="1583451085539" dump="1583451085540"/><sessioninfo id="org.schemaspy.output.dot.schemaspy.StyleSheetTest canGetIndexedColumnBackground" start="1583451085541" dump="1583451085541"/><sessioninfo id="" start="1583451085542" dump="1583451085542"/><sessioninfo id="org.schemaspy.output.dot.schemaspy.StyleSheetTest canGetBodyBackground" start="1583451085543" dump="1583451085543"/><sessioninfo id="" start="1583451085544" dump="1583451085552"/><sessioninfo id="org.schemaspy.output.xml.dom.XmlColumnFormatterTest appendColumn" start="1583451085553" dump="1583451085954"/><sessioninfo id="" start="1583451085958" dump="1583451085969"/><sessioninfo id="org.schemaspy.output.xml.dom.XmlRoutineFormatterTest noCommentNoDefinitionLanguage" start="1583451085971" dump="1583451085992"/><sessioninfo id="" start="1583451085997" dump="1583451085997"/><sessioninfo id="org.schemaspy.output.xml.dom.XmlRoutineFormatterTest full" start="1583451085998" dump="1583451086014"/><sessioninfo id="" start="1583451086016" dump="1583451086016"/><sessioninfo id="org.schemaspy.output.xml.dom.XmlRoutineFormatterTest noComment" start="1583451086017" dump="1583451086023"/><sessioninfo id="" start="1583451086026" dump="1583451086026"/><sessioninfo id="org.schemaspy.output.xml.dom.XmlRoutineFormatterTest noCommentNoDefinitionLanguageNoDefinition" start="1583451086027" dump="1583451086033"/><sessioninfo id="" start="1583451086035" dump="1583451086038"/><sessioninfo id="org.schemaspy.output.xml.dom.XmlIndexFormatterTest appendIndex" start="1583451086054" dump="1583451086063"/><sessioninfo id="" start="1583451086067" dump="1583451086077"/><sessioninfo id="org.schemaspy.output.xml.dom.XmlTableFormatterTest withCheckConstraint" start="1583451086080" dump="1583451086091"/><sessioninfo id="" start="1583451086095" dump="1583451086096"/><sessioninfo id="org.schemaspy.util.InflectionTest singularize" start="1583451086098" dump="1583451086104"/><sessioninfo id="" start="1583451086106" dump="1583451086106"/><sessioninfo id="org.schemaspy.util.InflectionTest pluralize" start="1583451086107" dump="1583451086107"/><sessioninfo id="" start="1583451086109" dump="1583451086109"/><sessioninfo id="org.schemaspy.util.InflectionTest uncountable" start="1583451086110" dump="1583451086110"/><sessioninfo id="" start="1583451086111" dump="1583451086125"/><sessioninfo id="org.schemaspy.util.CaseInsensitiveMapTest nullPutIsNotSupported" start="1583451086126" dump="1583451086127"/><sessioninfo id="" start="1583451086128" dump="1583451086128"/><sessioninfo id="org.schemaspy.util.CaseInsensitiveMapTest putGetContainsKey" start="1583451086129" dump="1583451086129"/><sessioninfo id="" start="1583451086131" dump="1583451086131"/><sessioninfo id="org.schemaspy.util.CaseInsensitiveMapTest putAll" start="1583451086132" dump="1583451086132"/><sessioninfo id="" start="1583451086141" dump="1583451086141"/><sessioninfo id="org.schemaspy.util.CaseInsensitiveMapTest remove" start="1583451086142" dump="1583451086142"/><sessioninfo id="" start="1583451086144" dump="1583451086144"/><sessioninfo id="org.schemaspy.util.CaseInsensitiveMapTest nullRemoveNotSupported" start="1583451086145" dump="1583451086145"/><sessioninfo id="" start="1583451086146" dump="1583451086146"/><sessioninfo id="org.schemaspy.util.CaseInsensitiveMapTest nullGetIsSupported" start="1583451086147" dump="1583451086147"/><sessioninfo id="" start="1583451086149" dump="1583451086149"/><sessioninfo id="org.schemaspy.util.CaseInsensitiveMapTest nullContainsKeyNotSupported" start="1583451086151" dump="1583451086151"/><sessioninfo id="" start="1583451086152" dump="1583451086154"/><sessioninfo id="org.schemaspy.util.RailsNamingTest testPluralizeMultiWordTable" start="1583451086155" dump="1583451086156"/><sessioninfo id="" start="1583451086157" dump="1583451086158"/><sessioninfo id="org.schemaspy.util.RailsNamingTest testPluralize" start="1583451086171" dump="1583451086172"/><sessioninfo id="" start="1583451086172" dump="1583451086173"/><sessioninfo id="org.schemaspy.util.DbSpecificOptionTest valueOfOptionCanBeNull" start="1583451086175" dump="1583451086186"/><sessioninfo id="" start="1583451086187" dump="1583451086202"/><sessioninfo id="org.schemaspy.util.DbSpecificConfigTest dumpUsageWithoutHostAndOptionalPort" start="1583451086204" dump="1583451086215"/><sessioninfo id="" start="1583451086218" dump="1583451086218"/><sessioninfo id="org.schemaspy.util.DbSpecificConfigTest worksWithoutHostAndOptionalPort" start="1583451086219" dump="1583451086230"/><sessioninfo id="" start="1583451086232" dump="1583451086233"/><sessioninfo id="org.schemaspy.util.DbSpecificConfigTest worksWithHostAndOptionalPort" start="1583451086234" dump="1583451086235"/><sessioninfo id="" start="1583451086237" dump="1583451086237"/><sessioninfo id="org.schemaspy.util.DbSpecificConfigTest dumpUsageWithHostAndOptionalPort" start="1583451086238" dump="1583451086240"/><sessioninfo id="" start="1583451086242" dump="1583451086243"/><sessioninfo id="org.schemaspy.util.ManifestUtilsTest getImplementationVersion" start="1583451086249" dump="1583451086251"/><sessioninfo id="" start="1583451086252" dump="1583451086253"/><sessioninfo id="org.schemaspy.util.ManifestUtilsTest getImplementationBuild" start="1583451086253" dump="1583451086254"/><sessioninfo id="" start="1583451086255" dump="1583451086256"/><sessioninfo id="org.schemaspy.model.InvalidConfigurationExceptionTest shouldThrowInvalidConfigurationExceptionWithMessage" start="1583451086262" dump="1583451086263"/><sessioninfo id="" start="1583451086264" dump="1583451086264"/><sessioninfo id="org.schemaspy.model.InvalidConfigurationExceptionTest shouldSetParamName" start="1583451086265" dump="1583451086265"/><sessioninfo id="" start="1583451086267" dump="1583451086267"/><sessioninfo id="org.schemaspy.model.InvalidConfigurationExceptionTest shouldThrowInvalidConfigurationException" start="1583451086268" dump="1583451086268"/><sessioninfo id="" start="1583451086269" dump="1583451086305"/><sessioninfo id="org.schemaspy.model.TableFullNameTest testFullName[0]" start="1583451086307" dump="1583451086307"/><sessioninfo id="" start="1583451086308" dump="1583451086309"/><sessioninfo id="org.schemaspy.model.TableFullNameTest testFullName[1]" start="1583451086310" dump="1583451086310"/><sessioninfo id="" start="1583451086311" dump="1583451086311"/><sessioninfo id="org.schemaspy.model.TableFullNameTest testFullName[2]" start="1583451086312" dump="1583451086314"/><sessioninfo id="" start="1583451086315" dump="1583451086318"/><sessioninfo id="org.schemaspy.model.TableFullNameTest testFullName[3]" start="1583451086319" dump="1583451086319"/><sessioninfo id="" start="1583451086320" dump="1583451086321"/><sessioninfo id="org.schemaspy.model.TableFullNameTest testFullName[4]" start="1583451086321" dump="1583451086322"/><sessioninfo id="" start="1583451086322" dump="1583451086323"/><sessioninfo id="org.schemaspy.model.TableFullNameTest testFullName[5]" start="1583451086324" dump="1583451086326"/><sessioninfo id="" start="1583451086327" dump="1583451086329"/><sessioninfo id="org.schemaspy.model.TableFullNameTest testFullName[6]" start="1583451086330" dump="1583451086332"/><sessioninfo id="" start="1583451086337" dump="1583451086338"/><sessioninfo id="org.schemaspy.model.SchemaTest compareEqualsHash" start="1583451086340" dump="1583451086582"/><sessioninfo id="" start="1583451086585" dump="1583451086595"/><sessioninfo id="org.schemaspy.model.TableIndexTest nameComparison" start="1583451086597" dump="1583451086597"/><sessioninfo id="" start="1583451086599" dump="1583451086599"/><sessioninfo id="org.schemaspy.model.TableIndexTest stringIdComparison" start="1583451086600" dump="1583451086600"/><sessioninfo id="" start="1583451086602" dump="1583451086602"/><sessioninfo id="org.schemaspy.model.TableIndexTest numericIdEquality" start="1583451086603" dump="1583451086603"/><sessioninfo id="" start="1583451086605" dump="1583451086605"/><sessioninfo id="org.schemaspy.model.TableIndexTest numericIdComparison" start="1583451086606" dump="1583451086607"/><sessioninfo id="" start="1583451086608" dump="1583451086610"/><sessioninfo id="org.schemaspy.model.TableIndexTest primaryKeysSortBeforeNonPrimaryKeys" start="1583451086611" dump="1583451086612"/><sessioninfo id="" start="1583451086613" dump="1583451086614"/><sessioninfo id="org.schemaspy.model.TableIndexTest nameEquality" start="1583451086615" dump="1583451086615"/><sessioninfo id="" start="1583451086617" dump="1583451086617"/><sessioninfo id="org.schemaspy.model.TableIndexTest stringIdEquality" start="1583451086618" dump="1583451086618"/><sessioninfo id="" start="1583451086619" dump="1583451086629"/><sessioninfo id="org.schemaspy.model.RoutineTest definition" start="1583451086631" dump="1583451086631"/><sessioninfo id="" start="1583451086633" dump="1583451086633"/><sessioninfo id="org.schemaspy.model.RoutineTest nullDefinitionIsReplacedWithEmptyString" start="1583451086634" dump="1583451086635"/><sessioninfo id="" start="1583451086636" dump="1583451086645"/><sessioninfo id="org.schemaspy.model.CatalogTest compareEqualsHash" start="1583451086647" dump="1583451086687"/><sessioninfo id="" start="1583451086690" dump="1583451086701"/><sessioninfo id="org.schemaspy.view.HtmlMainIndexPageTest descriptionSupportsMarkdown" start="1583451086703" dump="1583451087157"/><sessioninfo id="" start="1583451087179" dump="1583451087182"/><sessioninfo id="org.schemaspy.view.HtmlMainIndexPageTest noRowsTrue_RemovesRowsColumn" start="1583451087184" dump="1583451087197"/><sessioninfo id="" start="1583451087200" dump="1583451087201"/><sessioninfo id="org.schemaspy.view.HtmlMainIndexPageTest noRowsFalse_HasRowsColumn" start="1583451087202" dump="1583451087210"/><sessioninfo id="" start="1583451087214" dump="1583451087219"/><sessioninfo id="org.schemaspy.view.HtmlOrphansPageTest showError" start="1583451087222" dump="1583451087233"/><sessioninfo id="" start="1583451087236" dump="1583451087238"/><sessioninfo id="org.schemaspy.view.HtmlMultipleSchemasIndexPageTest multiMainIndexShouldHaveDescription" start="1583451087241" dump="1583451087272"/><sessioninfo id="" start="1583451087275" dump="1583451087276"/><sessioninfo id="org.schemaspy.view.HtmlMultipleSchemasIndexPageTest multiMainIndexShouldNOTHaveDescription" start="1583451087277" dump="1583451087283"/><sessioninfo id="" start="1583451087286" dump="1583451087300"/><sessioninfo id="org.schemaspy.view.HtmlRelationshipsPageTest willWriteErrorInformation" start="1583451087302" dump="1583451087308"/><sessioninfo id="" start="1583451087311" dump="1583451087313"/><sessioninfo id="org.schemaspy.view.HtmlTablePageTest noRowsFalse_showNoRows" start="1583451087318" dump="1583451087335"/><sessioninfo id="" start="1583451087338" dump="1583451087339"/><sessioninfo id="org.schemaspy.view.HtmlTablePageTest noRowsTrue_hideNoRows" start="1583451087340" dump="1583451087346"/><sessioninfo id="" start="1583451087350" dump="1583451087351"/><sessioninfo id="org.schemaspy.view.HtmlRoutinesPageTest markdownComment" start="1583451087365" dump="1583451087378"/><sessioninfo id="" start="1583451087386" dump="1583451087393"/><sessioninfo id="org.schemaspy.view.HtmlAnomaliesPageTest columnsWithDefaultValueWordNULL" start="1583451087397" dump="1583451087425"/><sessioninfo id="" start="1583451087428" dump="1583451087429"/><sessioninfo id="org.schemaspy.view.HtmlAnomaliesPageTest tableWithIncrementingColumnNames" start="1583451087430" dump="1583451087438"/><sessioninfo id="" start="1583451087441" dump="1583451087441"/><sessioninfo id="org.schemaspy.view.HtmlAnomaliesPageTest tablesWithoutIndex" start="1583451087443" dump="1583451087451"/><sessioninfo id="" start="1583451087454" dump="1583451087455"/><sessioninfo id="org.schemaspy.view.HtmlAnomaliesPageTest tableWithSingleColumn" start="1583451087456" dump="1583451087466"/><sessioninfo id="" start="1583451087469" dump="1583451087470"/><sessioninfo id="org.schemaspy.view.HtmlAnomaliesPageTest impliedRelationships" start="1583451087471" dump="1583451087477"/><sessioninfo id="" start="1583451087480" dump="1583451087501"/><sessioninfo id="org.schemaspy.view.MustacheCompilerTest setsRootPathToHome" start="1583451087504" dump="1583451087842"/><sessioninfo id="" start="1583451087849" dump="1583451087849"/><sessioninfo id="org.schemaspy.view.MustacheCompilerTest overrideLayoutTest" start="1583451087851" dump="1583451087859"/><sessioninfo id="" start="1583451087863" dump="1583451087863"/><sessioninfo id="org.schemaspy.view.MustacheCompilerTest setsDatabaseName" start="1583451087865" dump="1583451087892"/><sessioninfo id="" start="1583451087898" dump="1583451087899"/><sessioninfo id="org.schemaspy.view.MustacheCompilerTest setsRootPath" start="1583451087900" dump="1583451087908"/><sessioninfo id="" start="1583451087911" dump="1583451087930"/><sessioninfo id="org.schemaspy.cli.DegreeOfSeparationValidatorTest doesNotAllowThree" start="1583451087932" dump="1583451087945"/><sessioninfo id="" start="1583451087947" dump="1583451087952"/><sessioninfo id="org.schemaspy.cli.DegreeOfSeparationValidatorTest doesAllowOne" start="1583451087954" dump="1583451087956"/><sessioninfo id="" start="1583451087957" dump="1583451087958"/><sessioninfo id="org.schemaspy.cli.DegreeOfSeparationValidatorTest doesAllowTwo" start="1583451087959" dump="1583451087959"/><sessioninfo id="" start="1583451087960" dump="1583451087961"/><sessioninfo id="org.schemaspy.cli.DegreeOfSeparationValidatorTest doesNotAllowZero" start="1583451087962" dump="1583451087962"/><sessioninfo id="" start="1583451087964" dump="1583451087969"/><sessioninfo id="org.schemaspy.cli.EnvDefaultProviderTest returnsNullWhenNothingExists" start="1583451087971" dump="1583451087971"/><sessioninfo id="" start="1583451087973" dump="1583451087973"/><sessioninfo id="org.schemaspy.cli.EnvDefaultProviderTest willReturnPATH" start="1583451087974" dump="1583451087974"/><sessioninfo id="" start="1583451087975" dump="1583451087976"/><sessioninfo id="org.schemaspy.cli.EnvDefaultProviderTest willReturnPath" start="1583451087977" dump="1583451087983"/><sessioninfo id="" start="1583451087984" dump="1583451087996"/><sessioninfo id="org.schemaspy.cli.PropertyFileDefaultProviderTest getStringValue" start="1583451087998" dump="1583451087999"/><sessioninfo id="" start="1583451088001" dump="1583451088006"/><sessioninfo id="org.schemaspy.cli.ConfigFileArgumentParserTest givenNoConfigFileArgument_ExpectEmptyConfigFileValue" start="1583451088008" dump="1583451088047"/><sessioninfo id="" start="1583451088050" dump="1583451088051"/><sessioninfo id="org.schemaspy.cli.ConfigFileArgumentParserTest givenConfigFileArguemtn_ExpectToParseItsValue" start="1583451088052" dump="1583451088055"/><sessioninfo id="" start="1583451088057" dump="1583451088078"/><sessioninfo id="org.schemaspy.cli.CombinedDefaultProviderTest getDebugWithValueFalseShouldBeFalse" start="1583451088083" dump="1583451088092"/><sessioninfo id="" start="1583451088093" dump="1583451088094"/><sessioninfo id="org.schemaspy.cli.CombinedDefaultProviderTest willFallbackToSecondIfFirstIsNull" start="1583451088095" dump="1583451088105"/><sessioninfo id="" start="1583451088106" dump="1583451088107"/><sessioninfo id="org.schemaspy.cli.CombinedDefaultProviderTest getSSOWithOutValueShouldBeTrue" start="1583451088108" dump="1583451088109"/><sessioninfo id="" start="1583451088110" dump="1583451088111"/><sessioninfo id="org.schemaspy.cli.CombinedDefaultProviderTest definedOrderIsTheOrder" start="1583451088112" dump="1583451088113"/><sessioninfo id="" start="1583451088114" dump="1583451088125"/><sessioninfo id="org.schemaspy.cli.CombinedDefaultProviderTest getNoHTMLNotDefinedIsFalse" start="1583451088126" dump="1583451088127"/><sessioninfo id="" start="1583451088129" dump="1583451088129"/><sessioninfo id="org.schemaspy.cli.CombinedDefaultProviderTest getNoHTMLWithoutValueIsTrue" start="1583451088130" dump="1583451088131"/><sessioninfo id="" start="1583451088132" dump="1583451088132"/><sessioninfo id="org.schemaspy.cli.CombinedDefaultProviderTest returnsNullIfNullIsEverything" start="1583451088134" dump="1583451088134"/><sessioninfo id="" start="1583451088136" dump="1583451090772"/><sessioninfo id="org.schemaspy.cli.SchemaSpyRunnerTest ioExceptionExitCode_1" start="1583451090796" dump="1583451090821"/><sessioninfo id="" start="1583451090829" dump="1583451091517"/><sessioninfo id="org.schemaspy.cli.SchemaSpyRunnerTest emptySchemaExitCode_2" start="1583451091539" dump="1583451091582"/><sessioninfo id="" start="1583451091605" dump="1583451092105"/><sessioninfo id="org.schemaspy.cli.SchemaSpyRunnerTest connectionFailureExitCode_3" start="1583451092125" dump="1583451092151"/><sessioninfo id="" start="1583451092160" dump="1583451092574"/><sessioninfo id="org.schemaspy.cli.SchemaSpyRunnerTest returnsNoneNullExitCode_0" start="1583451092594" dump="1583451092600"/><sessioninfo id="" start="1583451092608" dump="1583451092613"/><sessioninfo id="org.schemaspy.cli.CommandLineArgumentParserTest givenAllRequiredParamsProvided_ExpectToSuccessfullyParseCommandLineArguments" start="1583451092616" dump="1583451092620"/><sessioninfo id="" start="1583451092623" dump="1583451092623"/><sessioninfo id="org.schemaspy.cli.CommandLineArgumentParserTest degreeOfSeparationIsTwoByDefault" start="1583451092624" dump="1583451092626"/><sessioninfo id="" start="1583451092628" dump="1583451092628"/><sessioninfo id="org.schemaspy.cli.CommandLineArgumentParserTest degreeOfSeparationCanBeSetToOne" start="1583451092630" dump="1583451092631"/><sessioninfo id="" start="1583451092634" dump="1583451092634"/><sessioninfo id="org.schemaspy.cli.CommandLineArgumentParserTest givenNoRequiredParameterProvided_AndNoDefaultProvider_ExpectError" start="1583451092636" dump="1583451092637"/><sessioninfo id="" start="1583451092640" dump="1583451092640"/><sessioninfo id="org.schemaspy.cli.CommandLineArgumentParserTest degreeOfSeparationThreeThrowsException" start="1583451092641" dump="1583451092643"/><sessioninfo id="" start="1583451092645" dump="1583451092646"/><sessioninfo id="org.schemaspy.cli.CommandLineArgumentParserTest canPrintLicense" start="1583451092647" dump="1583451092660"/><sessioninfo id="" start="1583451092664" dump="1583451092664"/><sessioninfo id="org.schemaspy.cli.CommandLineArgumentParserTest printLicenseFlagWorks" start="1583451092666" dump="1583451092667"/><sessioninfo id="" start="1583451092669" dump="1583451092670"/><sessioninfo id="org.schemaspy.cli.CommandLineArgumentParserTest printUsage" start="1583451092671" dump="1583451092674"/><sessioninfo id="" start="1583451092677" dump="1583451092677"/><sessioninfo id="org.schemaspy.cli.CommandLineArgumentParserTest onlyHelpSetsHelpRequiredShowsHelp" start="1583451092678" dump="1583451092679"/><sessioninfo id="" start="1583451092682" dump="1583451092682"/><sessioninfo id="org.schemaspy.cli.CommandLineArgumentParserTest givenNoRequiredParameterAndDefaultProviderWithoutRequiredValue_ExpectError" start="1583451092683" dump="1583451092704"/><sessioninfo id="" start="1583451092714" dump="1583451092715"/><sessioninfo id="org.schemaspy.cli.CommandLineArgumentParserTest ssoIsEnabledInPropertiesFileUserIsNotRequired" start="1583451092716" dump="1583451092729"/><sessioninfo id="" start="1583451092733" dump="1583451092734"/><sessioninfo id="org.schemaspy.cli.CommandLineArgumentParserTest onlyDBHelpSetsDBHelpRequired" start="1583451092735" dump="1583451092737"/><sessioninfo id="" start="1583451092739" dump="1583451092739"/><sessioninfo id="org.schemaspy.cli.CommandLineArgumentParserTest skipHtmlIsFalseByDefault" start="1583451092741" dump="1583451092742"/><sessioninfo id="" start="1583451092744" dump="1583451092744"/><sessioninfo id="org.schemaspy.cli.CommandLineArgumentParserTest ssoIsEnabledOnCommandLineUserIsNotRequired" start="1583451092746" dump="1583451092747"/><sessioninfo id="" start="1583451092750" dump="1583451092750"/><sessioninfo id="org.schemaspy.cli.CommandLineArgumentParserTest givenNoRequiredParameterAndDefaultProviderWithRequiredValue_ExpectSuccess" start="1583451092752" dump="1583451092758"/><sessioninfo id="" start="1583451092761" dump="1583451092762"/><sessioninfo id="org.schemaspy.cli.CommandLineArgumentParserTest skipHtmlCanBeEnabled" start="1583451092764" dump="1583451092765"/><sessioninfo id="" start="1583451092767" dump="1583451092797"/><sessioninfo id="org.schemaspy.MainTest callsSystemExit" start="1583451092808" dump="1583451093939"/><sessioninfo id="" start="1583451093964" dump="1583451093973"/><sessioninfo id="org.schemaspy.input.dbms.validator.NameValidatorTest doesntMatchInclusion" start="1583451093976" dump="1583451093977"/><sessioninfo id="" start="1583451093979" dump="1583451093979"/><sessioninfo id="org.schemaspy.input.dbms.validator.NameValidatorTest typeDoesntMatch" start="1583451093981" dump="1583451093981"/><sessioninfo id="" start="1583451093982" dump="1583451093983"/><sessioninfo id="org.schemaspy.input.dbms.validator.NameValidatorTest valid" start="1583451093984" dump="1583451093984"/><sessioninfo id="" start="1583451093986" dump="1583451093986"/><sessioninfo id="org.schemaspy.input.dbms.validator.NameValidatorTest excluded" start="1583451093987" dump="1583451093988"/><sessioninfo id="" start="1583451093989" dump="1583451093997"/><sessioninfo id="org.schemaspy.input.dbms.SchemaResolverTest schemaIsNullFetchFromJDBCReturnsNullThenThrowsException" start="1583451093999" dump="1583451094289"/><sessioninfo id="" start="1583451094299" dump="1583451094299"/><sessioninfo id="org.schemaspy.input.dbms.SchemaResolverTest schemaIsNullFetchFromJDBC" start="1583451094301" dump="1583451094302"/><sessioninfo id="" start="1583451094303" dump="1583451094304"/><sessioninfo id="org.schemaspy.input.dbms.SchemaResolverTest schemaIsSameIfSet" start="1583451094304" dump="1583451094305"/><sessioninfo id="" start="1583451094306" dump="1583451094307"/><sessioninfo id="org.schemaspy.input.dbms.xml.TableColumnMetaTest autoUpdatedShouldBeTrue" start="1583451094309" dump="1583451094312"/><sessioninfo id="" start="1583451094313" dump="1583451094313"/><sessioninfo id="org.schemaspy.input.dbms.xml.TableColumnMetaTest primaryShouldBeTrue" start="1583451094314" dump="1583451094315"/><sessioninfo id="" start="1583451094316" dump="1583451094316"/><sessioninfo id="org.schemaspy.input.dbms.xml.TableColumnMetaTest shouldDisableImpliedKeys" start="1583451094317" dump="1583451094317"/><sessioninfo id="" start="1583451094319" dump="1583451094319"/><sessioninfo id="org.schemaspy.input.dbms.xml.TableColumnMetaTest shouldDisableDiagramAssociations" start="1583451094320" dump="1583451094320"/><sessioninfo id="" start="1583451094322" dump="1583451094322"/><sessioninfo id="org.schemaspy.input.dbms.xml.TableColumnMetaTest nullableShouldBeTrue" start="1583451094323" dump="1583451094324"/><sessioninfo id="" start="1583451094325" dump="1583451094326"/><sessioninfo id="org.schemaspy.input.dbms.xml.SchemaMetaTest okCommentsInColumn" start="1583451094331" dump="1583451094438"/><sessioninfo id="" start="1583451094441" dump="1583451094441"/><sessioninfo id="org.schemaspy.input.dbms.xml.SchemaMetaTest deprecationWarningRemarksInTable" start="1583451094442" dump="1583451094452"/><sessioninfo id="" start="1583451094454" dump="1583451094454"/><sessioninfo id="org.schemaspy.input.dbms.xml.SchemaMetaTest okCommentsInTable" start="1583451094456" dump="1583451094469"/><sessioninfo id="" start="1583451094472" dump="1583451094472"/><sessioninfo id="org.schemaspy.input.dbms.xml.SchemaMetaTest deprecationWarningRemarksInColumn" start="1583451094473" dump="1583451094482"/><sessioninfo id="" start="1583451094486" dump="1583451094488"/><sessioninfo id="org.schemaspy.input.dbms.DbDriverLoaderTest nativeErrorInConnectThrowsException" start="1583451094490" dump="1583451094836"/><sessioninfo id="" start="1583451094844" dump="1583451094845"/><sessioninfo id="org.schemaspy.input.dbms.DbDriverLoaderTest driverLoaderCachesDrivers" start="1583451094846" dump="1583451094855"/><sessioninfo id="" start="1583451094860" dump="1583451094860"/><sessioninfo id="org.schemaspy.input.dbms.DbDriverLoaderTest willAddDirAndContentIfDpIsADirAndNotAFile" start="1583451094861" dump="1583451094864"/><sessioninfo id="" start="1583451094870" dump="1583451094871"/><sessioninfo id="org.schemaspy.input.dbms.DbDriverLoaderTest willAddDirAndContentIfDpSecondArgIsADirAndNotAFile" start="1583451094872" dump="1583451094875"/><sessioninfo id="" start="1583451094880" dump="1583451094880"/><sessioninfo id="org.schemaspy.input.dbms.DbDriverLoaderTest testLoadAdditionalJarsForDriver" start="1583451094881" dump="1583451094888"/><sessioninfo id="" start="1583451094895" dump="1583451094895"/><sessioninfo id="org.schemaspy.input.dbms.DbDriverLoaderTest firstDriverClassMissingSecondExists" start="1583451094897" dump="1583451094899"/><sessioninfo id="" start="1583451094903" dump="1583451094903"/><sessioninfo id="org.schemaspy.input.dbms.DbDriverLoaderTest driverPathWorks" start="1583451094904" dump="1583451094907"/><sessioninfo id="" start="1583451094912" dump="1583451094912"/><sessioninfo id="org.schemaspy.input.dbms.DbDriverLoaderTest connectionIsNullThrowsException" start="1583451094913" dump="1583451094917"/><sessioninfo id="" start="1583451094923" dump="1583451094923"/><sessioninfo id="org.schemaspy.input.dbms.DbDriverLoaderTest nativeErrorInDriverCreationThrowsException" start="1583451094924" dump="1583451094929"/><sessioninfo id="" start="1583451094934" dump="1583451094934"/><sessioninfo id="org.schemaspy.input.dbms.DbDriverLoaderTest willOnlyAddFileIfFileIsSpecified" start="1583451094935" dump="1583451094937"/><sessioninfo id="" start="1583451094941" dump="1583451094942"/><sessioninfo id="org.schemaspy.input.dbms.DbDriverLoaderTest testGetConnection" start="1583451094943" dump="1583451094945"/><sessioninfo id="" start="1583451094951" dump="1583451094952"/><sessioninfo id="org.schemaspy.input.dbms.DbDriverLoaderTest DriverMissingWithClasspathThrowsException" start="1583451094953" dump="1583451094956"/><sessioninfo id="" start="1583451094960" dump="1583451094960"/><sessioninfo id="org.schemaspy.input.dbms.DbDriverLoaderTest twoDriversBothExists" start="1583451094962" dump="1583451094963"/><sessioninfo id="" start="1583451094967" dump="1583451094976"/><sessioninfo id="org.schemaspy.input.dbms.ConnectionURLBuilderTest shouldReplaceHostAndOrPortWithCustomSeparator" start="1583451094978" dump="1583451094979"/><sessioninfo id="" start="1583451094980" dump="1583451094981"/><sessioninfo id="org.schemaspy.input.dbms.ConnectionURLBuilderTest shouldReplaceHostAndOrPortWithHostAndPortOnlyOnce" start="1583451094982" dump="1583451094982"/><sessioninfo id="" start="1583451094984" dump="1583451094984"/><sessioninfo id="org.schemaspy.input.dbms.ConnectionURLBuilderTest shouldReplaceHostInConnectionSpec" start="1583451094985" dump="1583451094986"/><sessioninfo id="" start="1583451094988" dump="1583451094988"/><sessioninfo id="org.schemaspy.input.dbms.ConnectionURLBuilderTest shouldReplaceHostAndOrPortWithHostAndPort" start="1583451094989" dump="1583451094991"/><sessioninfo id="" start="1583451094992" dump="1583451094993"/><sessioninfo id="org.schemaspy.input.dbms.ConnectionURLBuilderTest shouldReplaceHostAndOrPortWithOnlyHost" start="1583451094994" dump="1583451094995"/><sessioninfo id="" start="1583451094996" dump="1583451094997"/><sessioninfo id="org.schemaspy.input.dbms.service.DurationFormatterTest lessThenOneMinute" start="1583451095001" dump="1583451095002"/><sessioninfo id="" start="1583451095004" dump="1583451095004"/><sessioninfo id="org.schemaspy.input.dbms.service.DurationFormatterTest lessThenOneSecond" start="1583451095005" dump="1583451095005"/><sessioninfo id="" start="1583451095006" dump="1583451095006"/><sessioninfo id="org.schemaspy.input.dbms.service.DurationFormatterTest lessThenOneHour" start="1583451095007" dump="1583451095007"/><sessioninfo id="" start="1583451095008" dump="1583451095008"/><sessioninfo id="org.schemaspy.input.dbms.service.DurationFormatterTest moreThanOneHour" start="1583451095009" dump="1583451095009"/><sessioninfo id="" start="1583451095011" dump="1583451095011"/><sessioninfo id="org.schemaspy.input.dbms.service.DurationFormatterTest exactlyOneMinute" start="1583451095012" dump="1583451095012"/><sessioninfo id="" start="1583451095013" dump="1583451095044"/><sessioninfo id="org.schemaspy.input.dbms.service.IndexServiceIsIndexRowTest TableStatAndOrdinalNotZeroIsNotIndexRow" start="1583451095053" dump="1583451095163"/><sessioninfo id="" start="1583451095173" dump="1583451095174"/><sessioninfo id="org.schemaspy.input.dbms.service.IndexServiceIsIndexRowTest NotTableStatsAndOrdinalNotZeroIsIndexRow" start="1583451095176" dump="1583451095177"/><sessioninfo id="" start="1583451095179" dump="1583451095180"/><sessioninfo id="org.schemaspy.input.dbms.service.IndexServiceIsIndexRowTest NotTableStatAndOrdinalZeroIsNotIndexRow" start="1583451095182" dump="1583451095182"/><sessioninfo id="" start="1583451095185" dump="1583451095185"/><sessioninfo id="org.schemaspy.input.dbms.service.IndexServiceIsIndexRowTest TableStatAndOrdinalZeroIsNotIndexRow" start="1583451095187" dump="1583451095188"/><sessioninfo id="" start="1583451095190" dump="1583451095218"/><sessioninfo id="org.schemaspy.input.dbms.service.TableServiceAddForeignKeyTest addingRemoteTable" start="1583451095228" dump="1583451095234"/><sessioninfo id="" start="1583451095239" dump="1583451095247"/><sessioninfo id="org.schemaspy.input.dbms.service.TableServiceAddForeignKeyTest usesExistingForeignKeyIfExists" start="1583451095250" dump="1583451095256"/><sessioninfo id="" start="1583451095260" dump="1583451095261"/><sessioninfo id="org.schemaspy.input.dbms.service.TableServiceAddForeignKeyTest addsForeignKeyIfMissing" start="1583451095263" dump="1583451095264"/><sessioninfo id="" start="1583451095267" dump="1583451095268"/><sessioninfo id="org.schemaspy.input.dbms.service.TableServiceAddForeignKeyTest addedForeignKeyAndWiring" start="1583451095271" dump="1583451095272"/><sessioninfo id="" start="1583451095274" dump="1583451095274"/><sessioninfo id="org.schemaspy.input.dbms.service.TableServiceAddForeignKeyTest excludingTable" start="1583451095276" dump="1583451095277"/><sessioninfo id="" start="1583451095279" dump="1583451095281"/><sessioninfo id="org.schemaspy.input.dbms.service.TableServiceConnectForeignKeysTest getImportedKeys" start="1583451095288" dump="1583451095291"/><sessioninfo id="" start="1583451095294" dump="1583451095295"/><sessioninfo id="org.schemaspy.input.dbms.service.TableServiceConnectForeignKeysTest getExportedKeys" start="1583451095297" dump="1583451095301"/><sessioninfo id="" start="1583451095304" dump="1583451095322"/><sessioninfo id="org.schemaspy.input.dbms.service.DatabaseServiceTest databaseServiceDoesNotPrintInformationWhenConnectionTablesWillTakeMoreThan30MinutesAndExportedKeysIsDisabled" start="1583451095332" dump="1583451095413"/><sessioninfo id="" start="1583451095424" dump="1583451095425"/><sessioninfo id="org.schemaspy.input.dbms.service.DatabaseServiceTest databaseServiceDoesNotPrintInformationWhenConnectionTablesWillTakeLessThan30Minutes" start="1583451095427" dump="1583451095430"/><sessioninfo id="" start="1583451095434" dump="1583451095437"/><sessioninfo id="org.schemaspy.input.dbms.service.DatabaseServiceTest databaseServicePrintsInformationWhenConnectionTablesWillTakeMoreThan30MinutesAndExportedKeysIsEnabled" start="1583451095439" dump="1583451095450"/><sessioninfo id="" start="1583451095455" dump="1583451095465"/><sessioninfo id="org.schemaspy.input.dbms.service.TableServiceConnectTest remoteExists" start="1583451095469" dump="1583451095520"/><sessioninfo id="" start="1583451095532" dump="1583451095533"/><sessioninfo id="org.schemaspy.input.dbms.service.TableServiceConnectTest addRemote" start="1583451095535" dump="1583451095537"/><sessioninfo id="" start="1583451095541" dump="1583451095546"/><sessioninfo id="org.schemaspy.input.dbms.config.PropertiesFinderTest noSuchResource" start="1583451095549" dump="1583451095550"/><sessioninfo id="" start="1583451095551" dump="1583451095551"/><sessioninfo id="org.schemaspy.input.dbms.config.PropertiesFinderTest shouldNotReturnAFolderFromPath" start="1583451095553" dump="1583451095553"/><sessioninfo id="" start="1583451095555" dump="1583451095555"/><sessioninfo id="org.schemaspy.input.dbms.config.PropertiesFinderTest findOnClassPathWithExtension" start="1583451095556" dump="1583451095559"/><sessioninfo id="" start="1583451095561" dump="1583451095561"/><sessioninfo id="org.schemaspy.input.dbms.config.PropertiesFinderTest findByPathWithExtension" start="1583451095562" dump="1583451095563"/><sessioninfo id="" start="1583451095564" dump="1583451095564"/><sessioninfo id="org.schemaspy.input.dbms.config.PropertiesFinderTest shouldNotReturnAFolderFromClassPath" start="1583451095566" dump="1583451095566"/><sessioninfo id="" start="1583451095568" dump="1583451095568"/><sessioninfo id="org.schemaspy.input.dbms.config.PropertiesFinderTest findByPathWithOutExtension" start="1583451095570" dump="1583451095570"/><sessioninfo id="" start="1583451095571" dump="1583451095572"/><sessioninfo id="org.schemaspy.input.dbms.config.PropertiesFinderTest findOnClassPathWithNoExtension" start="1583451095573" dump="1583451095574"/><sessioninfo id="" start="1583451095575" dump="1583451095592"/><sessioninfo id="org.schemaspy.input.dbms.config.PropertiesResolverTest resolverWillInclude" start="1583451095602" dump="1583451095604"/><sessioninfo id="" start="1583451095606" dump="1583451095607"/><sessioninfo id="org.schemaspy.input.dbms.config.PropertiesResolverTest resolveSingleLevel" start="1583451095608" dump="1583451095609"/><sessioninfo id="" start="1583451095611" dump="1583451095612"/><sessioninfo id="org.schemaspy.input.dbms.config.PropertiesResolverTest resolverWithExtends" start="1583451095613" dump="1583451095614"/><sessioninfo id="" start="1583451095615" dump="1583451095616"/><sessioninfo id="org.schemaspy.input.dbms.config.PropertiesResolverTest noSuchPropertiesFile" start="1583451095617" dump="1583451095620"/><sessioninfo id="" start="1583451095621" dump="1583451095621"/><sessioninfo id="org.schemaspy.input.dbms.config.PropertiesResolverTest invalidInclude" start="1583451095622" dump="1583451095624"/><sessioninfo id="" start="1583451095626" dump="1583451095627"/><sessioninfo id="org.schemaspy.input.dbms.CatalogResolverTest catalogIsNullFetchFromJDBCReturnsNullThenThrowsException" start="1583451095629" dump="1583451095634"/><sessioninfo id="" start="1583451095638" dump="1583451095638"/><sessioninfo id="org.schemaspy.input.dbms.CatalogResolverTest catalogIsNullFetchFromJDBC" start="1583451095639" dump="1583451095640"/><sessioninfo id="" start="1583451095642" dump="1583451095643"/><sessioninfo id="org.schemaspy.input.dbms.CatalogResolverTest catalogIsSameIfSet" start="1583451095644" dump="1583451095644"/><sessioninfo id="org.schemaspy.input.dbms.CatalogResolverTest catalogIsSameIfSet" start="1583451095646" dump="1583451095662"/><package name="org/schemaspy/input/dbms"><class name="org/schemaspy/input/dbms/ConnectionURLBuilder"><method name="&lt;init&gt;" desc="(Lorg/schemaspy/Config;Ljava/util/Properties;)V" line="53"><counter type="INSTRUCTION" missed="0" covered="9"/><counter type="LINE" missed="0" covered="4"/><counter type="COMPLEXITY" missed="0" covered="1"/><counter type="METHOD" missed="0" covered="1"/></method><method name="build" desc="()Ljava/lang/String;" line="59"><counter type="INSTRUCTION" missed="0" covered="68"/><counter type="BRANCH" missed="0" covered="2"/><counter type="LINE" missed="0" covered="11"/><counter type="COMPLEXITY" missed="0" covered="2"/><counter type="METHOD" missed="0" covered="1"/></method><method name="getArgs" desc="()Ljava/util/List;" line="79"><counter type="INSTRUCTION" missed="30" covered="15"/><counter type="BRANCH" missed="3" covered="1"/><counter type="LINE" missed="3" covered="3"/><counter type="COMPLEXITY" missed="2" covered="1"/><counter type="METHOD" missed="0" covered="1"/></method><method name="getParam" desc="(Ljava/util/List;Lorg/schemaspy/util/DbSpecificOption;)Ljava/lang/String;" line="89"><counter type="INSTRUCTION" missed="22" covered="37"/><counter type="BRANCH" missed="3" covered="5"/><counter type="LINE" missed="4" covered="9"/><counter type="COMPLEXITY" missed="3" covered="2"/><counter type="METHOD" missed="0" covered="1"/></method><method name="getHostOptionalPort" desc="()Ljava/lang/String;" line="111"><counter type="INSTRUCTION" missed="7" covered="37"/><counter type="BRANCH" missed="1" covered="5"/><counter type="LINE" missed="1" covered="9"/><counter type="COMPLEXITY" missed="1" covered="3"/><counter type="METHOD" missed="0" covered="1"/></method><method name="&lt;clinit&gt;" desc="()V" line="44"><counter type="INSTRUCTION" missed="0" covered="5"/><counter type="LINE" missed="0" covered="1"/><counter type="COMPLEXITY" missed="0" covered="1"/><counter type="METHOD" missed="0" covered="1"/></method><counter type="INSTRUCTION" missed="59" covered="171"/><counter type="BRANCH" missed="7" covered="13"/><counter type="LINE" missed="8" covered="37"/><counter type="COMPLEXITY" missed="6" covered="10"/><counter type="METHOD" missed="0" covered="6"/><counter type="CLASS" missed="0" covered="1"/></class><class name="org/schemaspy/input/dbms/DbDriverLoader"><method name="&lt;init&gt;" desc="()V" line="52"><counter type="INSTRUCTION" missed="0" covered="6"/><counter type="LINE" missed="0" covered="2"/><counter type="COMPLEXITY" missed="0" covered="1"/><counter type="METHOD" missed="0" covered="1"/></method><method name="getConnection" desc="(Lorg/schemaspy/Config;)Ljava/sql/Connection;" line="61"><counter type="INSTRUCTION" missed="17" covered="30"/><counter type="BRANCH" missed="3" covered="3"/><counter type="LINE" missed="4" covered="7"/><counter type="COMPLEXITY" missed="3" covered="1"/><counter type="METHOD" missed="0" covered="1"/></method><method name="getConnection" desc="(Lorg/schemaspy/Config;Ljava/lang/String;[Ljava/lang/String;Ljava/lang/String;)Ljava/sql/Connection;" line="81"><counter type="INSTRUCTION" missed="6" covered="88"/><counter type="BRANCH" missed="1" covered="5"/><counter type="LINE" missed="1" covered="15"/><counter type="COMPLEXITY" missed="1" covered="3"/><counter type="METHOD" missed="0" covered="1"/></method><method name="toList" desc="([Ljava/lang/String;)Ljava/lang/String;" line="107"><counter type="INSTRUCTION" missed="0" covered="15"/><counter type="BRANCH" missed="0" covered="2"/><counter type="LINE" missed="0" covered="3"/><counter type="COMPLEXITY" missed="0" covered="2"/><counter type="METHOD" missed="0" covered="1"/></method><method name="getDriver" desc="([Ljava/lang/String;Ljava/lang/String;)Ljava/sql/Driver;" line="123"><counter type="INSTRUCTION" missed="15" covered="103"/><counter type="BRANCH" missed="2" covered="12"/><counter type="LINE" missed="3" covered="19"/><counter type="COMPLEXITY" missed="2" covered="6"/><counter type="METHOD" missed="0" covered="1"/></method><method name="getDriverClass" desc="([Ljava/lang/String;Ljava/lang/ClassLoader;)Ljava/lang/Class;" line="167"><counter type="INSTRUCTION" missed="0" covered="36"/><counter type="BRANCH" missed="0" covered="4"/><counter type="LINE" missed="0" covered="9"/><counter type="COMPLEXITY" missed="0" covered="3"/><counter type="METHOD" missed="0" covered="1"/></method><method name="createMessage" desc="([Ljava/lang/String;Ljava/lang/String;Ljava/util/Set;)Ljava/lang/String;" line="182"><counter type="INSTRUCTION" missed="9" covered="100"/><counter type="BRANCH" missed="3" covered="7"/><counter type="LINE" missed="1" covered="26"/><counter type="COMPLEXITY" missed="3" covered="3"/><counter type="METHOD" missed="0" covered="1"/></method><method name="loadAdditionalJarsForDriver" desc="(Ljava/lang/String;Ljava/util/Set;)V" line="215"><counter type="INSTRUCTION" missed="0" covered="52"/><counter type="BRANCH" missed="3" covered="5"/><counter type="LINE" missed="0" covered="10"/><counter type="COMPLEXITY" missed="3" covered="2"/><counter type="METHOD" missed="0" covered="1"/></method><method name="getDriverClassLoader" desc="(Ljava/util/Set;)Ljava/lang/ClassLoader;" line="247"><counter type="INSTRUCTION" missed="0" covered="30"/><counter type="BRANCH" missed="0" covered="2"/><counter type="LINE" missed="0" covered="7"/><counter type="COMPLEXITY" missed="0" covered="2"/><counter type="METHOD" missed="0" covered="1"/></method><method name="getMissingPaths" desc="(Ljava/lang/String;)Ljava/util/List;" line="271"><counter type="INSTRUCTION" missed="0" covered="36"/><counter type="BRANCH" missed="0" covered="4"/><counter type="LINE" missed="0" covered="6"/><counter type="COMPLEXITY" missed="0" covered="3"/><counter type="METHOD" missed="0" covered="1"/></method><method name="getExistingUrls" desc="(Ljava/lang/String;)Ljava/util/Set;" line="290"><counter type="INSTRUCTION" missed="0" covered="46"/><counter type="BRANCH" missed="0" covered="6"/><counter type="LINE" missed="0" covered="9"/><counter type="COMPLEXITY" missed="0" covered="4"/><counter type="METHOD" missed="0" covered="1"/></method><method name="addDirectoryContent" desc="(Ljava/io/File;Ljava/util/Set;)V" line="307"><counter type="INSTRUCTION" missed="0" covered="35"/><counter type="BRANCH" missed="1" covered="5"/><counter type="LINE" missed="0" covered="7"/><counter type="COMPLEXITY" missed="1" covered="3"/><counter type="METHOD" missed="0" covered="1"/></method><method name="lambda$getDriverClassLoader$1" desc="(Ljava/net/URI;)Ljava/net/URL;" line="250"><counter type="INSTRUCTION" missed="3" covered="3"/><counter type="LINE" missed="2" covered="1"/><counter type="COMPLEXITY" missed="0" covered="1"/><counter type="METHOD" missed="0" covered="1"/></method><method name="lambda$loadAdditionalJarsForDriver$0" desc="(Ljava/io/File;Ljava/lang/String;)Z" line="218"><counter type="INSTRUCTION" missed="0" covered="5"/><counter type="LINE" missed="0" covered="1"/><counter type="COMPLEXITY" missed="0" covered="1"/><counter type="METHOD" missed="0" covered="1"/></method><method name="&lt;clinit&gt;" desc="()V" line="54"><counter type="INSTRUCTION" missed="0" covered="9"/><counter type="LINE" missed="0" covered="2"/><counter type="COMPLEXITY" missed="0" covered="1"/><counter type="METHOD" missed="0" covered="1"/></method><counter type="INSTRUCTION" missed="50" covered="594"/><counter type="BRANCH" missed="13" covered="55"/><counter type="LINE" missed="11" covered="124"/><counter type="COMPLEXITY" missed="13" covered="36"/><counter type="METHOD" missed="0" covered="15"/><counter type="CLASS" missed="0" covered="1"/></class><class name="org/schemaspy/input/dbms/CatalogResolver"><method name="&lt;init&gt;" desc="(Ljava/sql/DatabaseMetaData;)V" line="36"><counter type="INSTRUCTION" missed="0" covered="6"/><counter type="LINE" missed="0" covered="3"/><counter type="COMPLEXITY" missed="0" covered="1"/><counter type="METHOD" missed="0" covered="1"/></method><method name="resolveCatalog" desc="(Ljava/lang/String;)Ljava/lang/String;" line="41"><counter type="INSTRUCTION" missed="5" covered="27"/><counter type="BRANCH" missed="0" covered="4"/><counter type="LINE" missed="2" covered="9"/><counter type="COMPLEXITY" missed="0" covered="3"/><counter type="METHOD" missed="0" covered="1"/></method><method name="&lt;clinit&gt;" desc="()V" line="32"><counter type="INSTRUCTION" missed="0" covered="5"/><counter type="LINE" missed="0" covered="1"/><counter type="COMPLEXITY" missed="0" covered="1"/><counter type="METHOD" missed="0" covered="1"/></method><counter type="INSTRUCTION" missed="5" covered="38"/><counter type="BRANCH" missed="0" covered="4"/><counter type="LINE" missed="2" covered="13"/><counter type="COMPLEXITY" missed="0" covered="5"/><counter type="METHOD" missed="0" covered="3"/><counter type="CLASS" missed="0" covered="1"/></class><class name="org/schemaspy/input/dbms/SchemaResolver"><method name="&lt;init&gt;" desc="(Ljava/sql/DatabaseMetaData;)V" line="36"><counter type="INSTRUCTION" missed="0" covered="6"/><counter type="LINE" missed="0" covered="3"/><counter type="COMPLEXITY" missed="0" covered="1"/><counter type="METHOD" missed="0" covered="1"/></method><method name="resolveSchema" desc="(Ljava/lang/String;)Ljava/lang/String;" line="41"><counter type="INSTRUCTION" missed="5" covered="27"/><counter type="BRANCH" missed="0" covered="4"/><counter type="LINE" missed="2" covered="9"/><counter type="COMPLEXITY" missed="0" covered="3"/><counter type="METHOD" missed="0" covered="1"/></method><method name="&lt;clinit&gt;" desc="()V" line="32"><counter type="INSTRUCTION" missed="0" covered="5"/><counter type="LINE" missed="0" covered="1"/><counter type="COMPLEXITY" missed="0" covered="1"/><counter type="METHOD" missed="0" covered="1"/></method><counter type="INSTRUCTION" missed="5" covered="38"/><counter type="BRANCH" missed="0" covered="4"/><counter type="LINE" missed="2" covered="13"/><counter type="COMPLEXITY" missed="0" covered="5"/><counter type="METHOD" missed="0" covered="3"/><counter type="CLASS" missed="0" covered="1"/></class><sourcefile name="CatalogResolver.java"><line nr="32" mi="0" ci="5" mb="0" cb="0"/><line nr="36" mi="0" ci="2" mb="0" cb="0"/><line nr="37" mi="0" ci="3" mb="0" cb="0"/><line nr="38" mi="0" ci="1" mb="0" cb="0"/><line nr="41" mi="0" ci="3" mb="0" cb="2"/><line nr="42" mi="0" ci="2" mb="0" cb="0"/><line nr="44" mi="0" ci="5" mb="0" cb="0"/><line nr="45" mi="0" ci="4" mb="0" cb="0"/><line nr="46" mi="1" ci="0" mb="0" cb="0"/><line nr="47" mi="4" ci="0" mb="0" cb="0"/><line nr="48" mi="0" ci="1" mb="0" cb="0"/><line nr="50" mi="0" ci="3" mb="0" cb="2"/><line nr="51" mi="0" ci="5" mb="0" cb="0"/><line nr="54" mi="0" ci="2" mb="0" cb="0"/><line nr="56" mi="0" ci="2" mb="0" cb="0"/><counter type="INSTRUCTION" missed="5" covered="38"/><counter type="BRANCH" missed="0" covered="4"/><counter type="LINE" missed="2" covered="13"/><counter type="COMPLEXITY" missed="0" covered="5"/><counter type="METHOD" missed="0" covered="3"/><counter type="CLASS" missed="0" covered="1"/></sourcefile><sourcefile name="DbDriverLoader.java"><line nr="52" mi="0" ci="2" mb="0" cb="0"/><line nr="54" mi="0" ci="4" mb="0" cb="0"/><line nr="55" mi="0" ci="5" mb="0" cb="0"/><line nr="57" mi="0" ci="4" mb="0" cb="0"/><line nr="61" mi="0" ci="3" mb="0" cb="0"/><line nr="63" mi="0" ci="6" mb="0" cb="0"/><line nr="64" mi="0" ci="4" mb="1" cb="1"/><line nr="65" mi="4" ci="0" mb="0" cb="0"/><line nr="67" mi="0" ci="6" mb="0" cb="0"/><line nr="68" mi="0" ci="4" mb="0" cb="0"/><line nr="69" mi="0" ci="3" mb="1" cb="1"/><line nr="70" mi="2" ci="0" mb="0" cb="0"/><line nr="72" mi="0" ci="4" mb="1" cb="1"/><line nr="73" mi="3" ci="0" mb="0" cb="0"/><line nr="75" mi="8" ci="0" mb="0" cb="0"/><line nr="81" mi="0" ci="4" mb="0" cb="0"/><line nr="83" mi="0" ci="3" mb="0" cb="0"/><line nr="84" mi="0" ci="3" mb="0" cb="2"/><line nr="85" mi="0" ci="6" mb="0" cb="0"/><line nr="87" mi="0" ci="3" mb="1" cb="1"/><line nr="88" mi="6" ci="0" mb="0" cb="0"/><line nr="93" mi="0" ci="5" mb="0" cb="0"/><line nr="94" mi="0" ci="5" mb="0" cb="0"/><line nr="95" mi="0" ci="2" mb="0" cb="2"/><line nr="96" mi="0" ci="20" mb="0" cb="0"/><line nr="98" mi="0" ci="1" mb="0" cb="0"/><line nr="99" mi="0" ci="17" mb="0" cb="0"/><line nr="100" mi="0" ci="1" mb="0" cb="0"/><line nr="101" mi="0" ci="15" mb="0" cb="0"/><line nr="102" mi="0" ci="1" mb="0" cb="0"/><line nr="103" mi="0" ci="2" mb="0" cb="0"/><line nr="107" mi="0" ci="4" mb="0" cb="2"/><line nr="108" mi="0" ci="4" mb="0" cb="0"/><line nr="110" mi="0" ci="7" mb="0" cb="0"/><line nr="123" mi="0" ci="16" mb="0" cb="2"/><line nr="124" mi="0" ci="14" mb="0" cb="0"/><line nr="125" mi="0" ci="3" mb="0" cb="2"/><line nr="126" mi="0" ci="2" mb="0" cb="0"/><line nr="129" mi="0" ci="4" mb="0" cb="0"/><line nr="130" mi="0" ci="3" mb="0" cb="2"/><line nr="131" mi="0" ci="5" mb="0" cb="0"/><line nr="132" mi="0" ci="2" mb="0" cb="2"/><line nr="133" mi="0" ci="5" mb="0" cb="0"/><line nr="138" mi="0" ci="3" mb="1" cb="1"/><line nr="139" mi="4" ci="0" mb="0" cb="0"/><line nr="143" mi="0" ci="4" mb="0" cb="0"/><line nr="144" mi="0" ci="5" mb="0" cb="0"/><line nr="146" mi="0" ci="3" mb="0" cb="2"/><line nr="147" mi="0" ci="9" mb="0" cb="0"/><line nr="151" mi="0" ci="4" mb="0" cb="0"/><line nr="152" mi="0" ci="3" mb="1" cb="1"/><line nr="153" mi="0" ci="15" mb="0" cb="0"/><line nr="159" mi="1" ci="0" mb="0" cb="0"/><line nr="160" mi="10" ci="0" mb="0" cb="0"/><line nr="161" mi="0" ci="1" mb="0" cb="0"/><line nr="163" mi="0" ci="2" mb="0" cb="0"/><line nr="167" mi="0" ci="2" mb="0" cb="0"/><line nr="168" mi="0" ci="16" mb="0" cb="2"/><line nr="170" mi="0" ci="5" mb="0" cb="0"/><line nr="171" mi="0" ci="1" mb="0" cb="0"/><line nr="172" mi="0" ci="4" mb="0" cb="0"/><line nr="173" mi="0" ci="1" mb="0" cb="0"/><line nr="174" mi="0" ci="3" mb="0" cb="2"/><line nr="175" mi="0" ci="2" mb="0" cb="0"/><line nr="178" mi="0" ci="2" mb="0" cb="0"/><line nr="182" mi="0" ci="4" mb="0" cb="0"/><line nr="183" mi="0" ci="2" mb="0" cb="0"/><line nr="184" mi="0" ci="7" mb="0" cb="0"/><line nr="185" mi="0" ci="2" mb="0" cb="0"/><line nr="186" mi="0" ci="2" mb="0" cb="0"/><line nr="187" mi="2" ci="5" mb="1" cb="1"/><line nr="188" mi="0" ci="2" mb="0" cb="0"/><line nr="189" mi="0" ci="1" mb="0" cb="0"/><line nr="190" mi="0" ci="3" mb="0" cb="0"/><line nr="191" mi="0" ci="2" mb="0" cb="0"/><line nr="192" mi="0" ci="3" mb="1" cb="1"/><line nr="193" mi="7" ci="0" mb="0" cb="0"/><line nr="195" mi="0" ci="4" mb="0" cb="0"/><line nr="196" mi="0" ci="10" mb="0" cb="2"/><line nr="197" mi="0" ci="9" mb="0" cb="0"/><line nr="198" mi="0" ci="1" mb="0" cb="0"/><line nr="200" mi="0" ci="4" mb="0" cb="0"/><line nr="201" mi="0" ci="3" mb="1" cb="1"/><line nr="202" mi="0" ci="6" mb="0" cb="0"/><line nr="203" mi="0" ci="10" mb="0" cb="2"/><line nr="204" mi="0" ci="8" mb="0" cb="0"/><line nr="205" mi="0" ci="1" mb="0" cb="0"/><line nr="206" mi="0" ci="2" mb="0" cb="0"/><line nr="207" mi="0" ci="1" mb="0" cb="0"/><line nr="208" mi="0" ci="3" mb="0" cb="0"/><line nr="209" mi="0" ci="2" mb="0" cb="0"/><line nr="211" mi="0" ci="3" mb="0" cb="0"/><line nr="215" mi="0" ci="10" mb="0" cb="0"/><line nr="216" mi="0" ci="3" mb="1" cb="1"/><line nr="217" mi="0" ci="4" mb="0" cb="0"/><line nr="218" mi="0" ci="5" mb="0" cb="0"/><line nr="221" mi="0" ci="3" mb="0" cb="0"/><line nr="223" mi="0" ci="2" mb="1" cb="1"/><line nr="224" mi="0" ci="16" mb="0" cb="2"/><line nr="225" mi="0" ci="3" mb="1" cb="1"/><line nr="226" mi="0" ci="5" mb="0" cb="0"/><line nr="227" mi="0" ci="5" mb="0" cb="0"/><line nr="232" mi="0" ci="1" mb="0" cb="0"/><line nr="247" mi="0" ci="3" mb="0" cb="2"/><line nr="248" mi="0" ci="5" mb="0" cb="0"/><line nr="250" mi="0" ci="3" mb="0" cb="0"/><line nr="251" mi="1" ci="0" mb="0" cb="0"/><line nr="252" mi="2" ci="0" mb="0" cb="0"/><line nr="254" mi="0" ci="10" mb="0" cb="0"/><line nr="255" mi="0" ci="5" mb="0" cb="0"/><line nr="256" mi="0" ci="1" mb="0" cb="0"/><line nr="257" mi="0" ci="4" mb="0" cb="0"/><line nr="260" mi="0" ci="2" mb="0" cb="0"/><line nr="271" mi="0" ci="4" mb="0" cb="0"/><line nr="273" mi="0" ci="4" mb="0" cb="0"/><line nr="274" mi="0" ci="16" mb="0" cb="2"/><line nr="275" mi="0" ci="6" mb="0" cb="2"/><line nr="276" mi="0" ci="4" mb="0" cb="0"/><line nr="279" mi="0" ci="2" mb="0" cb="0"/><line nr="290" mi="0" ci="4" mb="0" cb="0"/><line nr="292" mi="0" ci="4" mb="0" cb="0"/><line nr="293" mi="0" ci="16" mb="0" cb="2"/><line nr="294" mi="0" ci="5" mb="0" cb="0"/><line nr="295" mi="0" ci="3" mb="0" cb="2"/><line nr="296" mi="0" ci="5" mb="0" cb="0"/><line nr="297" mi="0" ci="3" mb="0" cb="2"/><line nr="298" mi="0" ci="4" mb="0" cb="0"/><line nr="303" mi="0" ci="2" mb="0" cb="0"/><line nr="307" mi="0" ci="3" mb="0" cb="0"/><line nr="308" mi="0" ci="16" mb="0" cb="2"/><line nr="309" mi="0" ci="3" mb="1" cb="1"/><line nr="310" mi="0" ci="5" mb="0" cb="0"/><line nr="311" mi="0" ci="3" mb="0" cb="2"/><line nr="312" mi="0" ci="4" mb="0" cb="0"/><line nr="316" mi="0" ci="1" mb="0" cb="0"/><counter type="INSTRUCTION" missed="50" covered="594"/><counter type="BRANCH" missed="13" covered="55"/><counter type="LINE" missed="11" covered="124"/><counter type="COMPLEXITY" missed="13" covered="36"/><counter type="METHOD" missed="0" covered="15"/><counter type="CLASS" missed="0" covered="1"/></sourcefile><sourcefile name="ConnectionURLBuilder.java"><line nr="44" mi="0" ci="5" mb="0" cb="0"/><line nr="53" mi="0" ci="2" mb="0" cb="0"/><line nr="54" mi="0" ci="3" mb="0" cb="0"/><line nr="55" mi="0" ci="3" mb="0" cb="0"/><line nr="56" mi="0" ci="1" mb="0" cb="0"/><line nr="59" mi="0" ci="3" mb="0" cb="0"/><line nr="60" mi="0" ci="6" mb="0" cb="0"/><line nr="62" mi="0" ci="5" mb="0" cb="0"/><line nr="63" mi="0" ci="10" mb="0" cb="0"/><line nr="64" mi="0" ci="11" mb="0" cb="2"/><line nr="65" mi="0" ci="6" mb="0" cb="0"/><line nr="67" mi="0" ci="4" mb="0" cb="0"/><line nr="70" mi="0" ci="16" mb="0" cb="0"/><line nr="71" mi="0" ci="1" mb="0" cb="0"/><line nr="73" mi="0" ci="4" mb="0" cb="0"/><line nr="75" mi="0" ci="2" mb="0" cb="0"/><line nr="79" mi="0" ci="4" mb="0" cb="0"/><line nr="81" mi="4" ci="9" mb="1" cb="1"/><line nr="82" mi="17" ci="0" mb="2" cb="0"/><line nr="83" mi="8" ci="0" mb="0" cb="0"/><line nr="84" mi="1" ci="0" mb="0" cb="0"/><line nr="85" mi="0" ci="2" mb="0" cb="0"/><line nr="89" mi="0" ci="2" mb="0" cb="0"/><line nr="90" mi="0" ci="12" mb="0" cb="0"/><line nr="92" mi="0" ci="2" mb="1" cb="1"/><line nr="93" mi="0" ci="3" mb="1" cb="1"/><line nr="94" mi="0" ci="6" mb="0" cb="0"/><line nr="96" mi="0" ci="5" mb="0" cb="2"/><line nr="97" mi="0" ci="3" mb="0" cb="0"/><line nr="99" mi="0" ci="2" mb="1" cb="1"/><line nr="100" mi="9" ci="0" mb="0" cb="0"/><line nr="102" mi="4" ci="0" mb="0" cb="0"/><line nr="103" mi="5" ci="0" mb="0" cb="0"/><line nr="104" mi="4" ci="0" mb="0" cb="0"/><line nr="107" mi="0" ci="2" mb="0" cb="0"/><line nr="111" mi="0" ci="4" mb="0" cb="0"/><line nr="112" mi="0" ci="2" mb="1" cb="1"/><line nr="113" mi="7" ci="0" mb="0" cb="0"/><line nr="115" mi="0" ci="6" mb="0" cb="0"/><line nr="116" mi="0" ci="4" mb="0" cb="0"/><line nr="117" mi="0" ci="4" mb="0" cb="2"/><line nr="118" mi="0" ci="2" mb="0" cb="0"/><line nr="120" mi="0" ci="2" mb="0" cb="2"/><line nr="121" mi="0" ci="11" mb="0" cb="0"/><line nr="123" mi="0" ci="2" mb="0" cb="0"/><counter type="INSTRUCTION" missed="59" covered="171"/><counter type="BRANCH" missed="7" covered="13"/><counter type="LINE" missed="8" covered="37"/><counter type="COMPLEXITY" missed="6" covered="10"/><counter type="METHOD" missed="0" covered="6"/><counter type="CLASS" missed="0" covered="1"/></sourcefile><sourcefile name="SchemaResolver.java"><line nr="32" mi="0" ci="5" mb="0" cb="0"/><line nr="36" mi="0" ci="2" mb="0" cb="0"/><line nr="37" mi="0" ci="3" mb="0" cb="0"/><line nr="38" mi="0" ci="1" mb="0" cb="0"/><line nr="41" mi="0" ci="3" mb="0" cb="2"/><line nr="42" mi="0" ci="2" mb="0" cb="0"/><line nr="44" mi="0" ci="5" mb="0" cb="0"/><line nr="45" mi="0" ci="4" mb="0" cb="0"/><line nr="46" mi="1" ci="0" mb="0" cb="0"/><line nr="47" mi="4" ci="0" mb="0" cb="0"/><line nr="48" mi="0" ci="1" mb="0" cb="0"/><line nr="50" mi="0" ci="3" mb="0" cb="2"/><line nr="51" mi="0" ci="5" mb="0" cb="0"/><line nr="53" mi="0" ci="2" mb="0" cb="0"/><line nr="55" mi="0" ci="2" mb="0" cb="0"/><counter type="INSTRUCTION" missed="5" covered="38"/><counter type="BRANCH" missed="0" covered="4"/><counter type="LINE" missed="2" covered="13"/><counter type="COMPLEXITY" missed="0" covered="5"/><counter type="METHOD" missed="0" covered="3"/><counter type="CLASS" missed="0" covered="1"/></sourcefile><counter type="INSTRUCTION" missed="119" covered="841"/><counter type="BRANCH" missed="20" covered="76"/><counter type="LINE" missed="23" covered="187"/><counter type="COMPLEXITY" missed="19" covered="56"/><counter type="METHOD" missed="0" covered="27"/><counter type="CLASS" missed="0" covered="4"/></package><package name="org/schemaspy/logging"><class name="org/schemaspy/logging/StackTraceOmitter"><method name="&lt;init&gt;" desc="()V" line="36"><counter type="INSTRUCTION" missed="0" covered="3"/><counter type="LINE" missed="0" covered="1"/><counter type="COMPLEXITY" missed="0" covered="1"/><counter type="METHOD" missed="0" covered="1"/></method><method name="register" desc="()V" line="43"><counter type="INSTRUCTION" missed="0" covered="7"/><counter type="LINE" missed="0" covered="2"/><counter type="COMPLEXITY" missed="0" covered="1"/><counter type="METHOD" missed="0" covered="1"/></method><method name="hasOmittedStackTrace" desc="()Z" line="47"><counter type="INSTRUCTION" missed="0" covered="3"/><counter type="LINE" missed="0" covered="1"/><counter type="COMPLEXITY" missed="0" covered="1"/><counter type="METHOD" missed="0" covered="1"/></method><method name="convert" desc="(Lch/qos/logback/classic/spi/ILoggingEvent;)Ljava/lang/String;" line="52"><counter type="INSTRUCTION" missed="4" covered="23"/><counter type="BRANCH" missed="1" covered="3"/><counter type="LINE" missed="1" covered="5"/><counter type="COMPLEXITY" missed="1" covered="2"/><counter type="METHOD" missed="0" covered="1"/></method><method name="onApplicationEvent" desc="(Lorg/springframework/boot/context/event/ApplicationStartingEvent;)V" line="63"><counter type="INSTRUCTION" missed="0" covered="3"/><counter type="LINE" missed="0" covered="2"/><counter type="COMPLEXITY" missed="0" covered="1"/><counter type="METHOD" missed="0" covered="1"/></method><method name="&lt;clinit&gt;" desc="()V" line="38"><counter type="INSTRUCTION" missed="0" covered="9"/><counter type="LINE" missed="0" covered="2"/><counter type="COMPLEXITY" missed="0" covered="1"/><counter type="METHOD" missed="0" covered="1"/></method><counter type="INSTRUCTION" missed="4" covered="48"/><counter type="BRANCH" missed="1" covered="3"/><counter type="LINE" missed="1" covered="13"/><counter type="COMPLEXITY" missed="1" covered="7"/><counter type="METHOD" missed="0" covered="6"/><counter type="CLASS" missed="0" covered="1"/></class><sourcefile name="StackTraceOmitter.java"><line nr="36" mi="0" ci="3" mb="0" cb="0"/><line nr="38" mi="0" ci="3" mb="0" cb="0"/><line nr="40" mi="0" ci="6" mb="0" cb="0"/><line nr="43" mi="0" ci="6" mb="0" cb="0"/><line nr="44" mi="0" ci="1" mb="0" cb="0"/><line nr="47" mi="0" ci="3" mb="0" cb="0"/><line nr="52" mi="0" ci="3" mb="1" cb="1"/><line nr="53" mi="4" ci="0" mb="0" cb="0"/><line nr="54" mi="0" ci="4" mb="0" cb="2"/><line nr="55" mi="0" ci="3" mb="0" cb="0"/><line nr="56" mi="0" ci="11" mb="0" cb="0"/><line nr="58" mi="0" ci="2" mb="0" cb="0"/><line nr="63" mi="0" ci="2" mb="0" cb="0"/><line nr="64" mi="0" ci="1" mb="0" cb="0"/><counter type="INSTRUCTION" missed="4" covered="48"/><counter type="BRANCH" missed="1" covered="3"/><counter type="LINE" missed="1" covered="13"/><counter type="COMPLEXITY" missed="1" covered="7"/><counter type="METHOD" missed="0" covered="6"/><counter type="CLASS" missed="0" covered="1"/></sourcefile><counter type="INSTRUCTION" missed="4" covered="48"/><counter type="BRANCH" missed="1" covered="3"/><counter type="LINE" missed="1" covered="13"/><counter type="COMPLEXITY" missed="1" covered="7"/><counter type="METHOD" missed="0" covered="6"/><counter type="CLASS" missed="0" covered="1"/></package><package name="org/schemaspy/output/diagram/graphviz"><class name="org/schemaspy/output/diagram/graphviz/GraphvizVersion"><method name="&lt;init&gt;" desc="(Ljava/lang/String;)V" line="37"><counter type="INSTRUCTION" missed="0" covered="44"/><counter type="BRANCH" missed="1" covered="3"/><counter type="LINE" missed="0" covered="13"/><counter type="COMPLEXITY" missed="1" covered="2"/><counter type="METHOD" missed="0" covered="1"/></method><method name="compareTo" desc="(Lorg/schemaspy/output/diagram/graphviz/GraphvizVersion;)I" line="63"><counter type="INSTRUCTION" missed="0" covered="55"/><counter type="BRANCH" missed="0" covered="8"/><counter type="LINE" missed="0" covered="12"/><counter type="COMPLEXITY" missed="0" covered="5"/><counter type="METHOD" missed="0" covered="1"/></method><method name="equals" desc="(Ljava/lang/Object;)Z" line="81"><counter type="INSTRUCTION" missed="2" covered="12"/><counter type="BRANCH" missed="1" covered="3"/><counter type="LINE" missed="1" covered="2"/><counter type="COMPLEXITY" missed="1" covered="2"/><counter type="METHOD" missed="0" covered="1"/></method><method name="hashCode" desc="()I" line="88"><counter type="INSTRUCTION" missed="3" covered="0"/><counter type="LINE" missed="1" covered="0"/><counter type="COMPLEXITY" missed="1" covered="0"/><counter type="METHOD" missed="1" covered="0"/></method><method name="toString" desc="()Ljava/lang/String;" line="93"><counter type="INSTRUCTION" missed="0" covered="3"/><counter type="LINE" missed="0" covered="1"/><counter type="COMPLEXITY" missed="0" covered="1"/><counter type="METHOD" missed="0" covered="1"/></method><counter type="INSTRUCTION" missed="5" covered="114"/><counter type="BRANCH" missed="2" covered="14"/><counter type="LINE" missed="2" covered="28"/><counter type="COMPLEXITY" missed="3" covered="10"/><counter type="METHOD" missed="1" covered="4"/><counter type="CLASS" missed="0" covered="1"/></class><class name="org/schemaspy/output/diagram/graphviz/GraphvizDot$ProcessOutputReader"><method name="&lt;init&gt;" desc="(Ljava/lang/String;Ljava/io/InputStream;)V" line="264"><counter type="INSTRUCTION" missed="12" covered="0"/><counter type="LINE" missed="5" covered="0"/><counter type="COMPLEXITY" missed="1" covered="0"/><counter type="METHOD" missed="1" covered="0"/></method><method name="run" desc="()V" line="272"><counter type="INSTRUCTION" missed="38" covered="0"/><counter type="BRANCH" missed="6" covered="0"/><counter type="LINE" missed="8" covered="0"/><counter type="COMPLEXITY" missed="4" covered="0"/><counter type="METHOD" missed="1" covered="0"/></method><method name="&lt;clinit&gt;" desc="()V" line="260"><counter type="INSTRUCTION" missed="5" covered="0"/><counter type="LINE" missed="1" covered="0"/><counter type="COMPLEXITY" missed="1" covered="0"/><counter type="METHOD" missed="1" covered="0"/></method><counter type="INSTRUCTION" missed="55" covered="0"/><counter type="BRANCH" missed="6" covered="0"/><counter type="LINE" missed="14" covered="0"/><counter type="COMPLEXITY" missed="6" covered="0"/><counter type="METHOD" missed="3" covered="0"/><counter type="CLASS" missed="1" covered="0"/></class><class name="org/schemaspy/output/diagram/graphviz/GraphvizDot"><method name="&lt;init&gt;" desc="(Lorg/schemaspy/output/diagram/graphviz/GraphvizConfig;)V" line="45"><counter type="INSTRUCTION" missed="0" covered="37"/><counter type="LINE" missed="0" covered="10"/><counter type="COMPLEXITY" missed="0" covered="1"/><counter type="METHOD" missed="0" covered="1"/></method><method name="initVersion" desc="()Lorg/schemaspy/output/diagram/graphviz/GraphvizVersion;" line="64"><counter type="INSTRUCTION" missed="13" covered="52"/><counter type="BRANCH" missed="1" covered="1"/><counter type="LINE" missed="3" covered="11"/><counter type="COMPLEXITY" missed="1" covered="1"/><counter type="METHOD" missed="0" covered="1"/></method><method name="initValidRenders" desc="()V" line="92"><counter type="INSTRUCTION" missed="5" covered="79"/><counter type="BRANCH" missed="0" covered="6"/><counter type="LINE" missed="2" covered="17"/><counter type="COMPLEXITY" missed="0" covered="4"/><counter type="METHOD" missed="0" covered="1"/></method><method name="isValid" desc="()Z" line="118"><counter type="INSTRUCTION" missed="0" covered="19"/><counter type="BRANCH" missed="1" covered="5"/><counter type="LINE" missed="0" covered="1"/><counter type="COMPLEXITY" missed="1" covered="3"/><counter type="METHOD" missed="0" covered="1"/></method><method name="exists" desc="()Z" line="122"><counter type="INSTRUCTION" missed="1" covered="7"/><counter type="BRANCH" missed="1" covered="1"/><counter type="LINE" missed="0" covered="1"/><counter type="COMPLEXITY" missed="1" covered="1"/><counter type="METHOD" missed="0" covered="1"/></method><method name="initRenderer" desc="()Ljava/lang/String;" line="134"><counter type="INSTRUCTION" missed="14" covered="36"/><counter type="BRANCH" missed="5" covered="7"/><counter type="LINE" missed="2" covered="9"/><counter type="COMPLEXITY" missed="4" covered="3"/><counter type="METHOD" missed="0" covered="1"/></method><method name="getImplementationDetails" desc="()Ljava/lang/String;" line="152"><counter type="INSTRUCTION" missed="11" covered="0"/><counter type="LINE" missed="1" covered="0"/><counter type="COMPLEXITY" missed="1" covered="0"/><counter type="METHOD" missed="1" covered="0"/></method><method name="getGraphvizVersion" desc="()Lorg/schemaspy/output/diagram/graphviz/GraphvizVersion;" line="156"><counter type="INSTRUCTION" missed="0" covered="3"/><counter type="LINE" missed="0" covered="1"/><counter type="COMPLEXITY" missed="0" covered="1"/><counter type="METHOD" missed="0" covered="1"/></method><method name="getDiagramFormat" desc="()Ljava/lang/String;" line="167"><counter type="INSTRUCTION" missed="0" covered="11"/><counter type="BRANCH" missed="0" covered="2"/><counter type="LINE" missed="0" covered="1"/><counter type="COMPLEXITY" missed="0" covered="2"/><counter type="METHOD" missed="0" covered="1"/></method><method name="getExe" desc="()Ljava/lang/String;" line="176"><counter type="INSTRUCTION" missed="4" covered="30"/><counter type="BRANCH" missed="1" covered="3"/><counter type="LINE" missed="1" covered="5"/><counter type="COMPLEXITY" missed="1" covered="2"/><counter type="METHOD" missed="0" covered="1"/></method><method name="generateDiagram" desc="(Ljava/io/File;Ljava/io/File;)Ljava/lang/String;" line="195"><counter type="INSTRUCTION" missed="206" covered="0"/><counter type="BRANCH" missed="12" covered="0"/><counter type="LINE" missed="36" covered="0"/><counter type="COMPLEXITY" missed="7" covered="0"/><counter type="METHOD" missed="1" covered="0"/></method><method name="getDisplayableCommand" desc="([Ljava/lang/String;)Ljava/lang/String;" line="250"><counter type="INSTRUCTION" missed="31" covered="0"/><counter type="BRANCH" missed="4" covered="0"/><counter type="LINE" missed="6" covered="0"/><counter type="COMPLEXITY" missed="3" covered="0"/><counter type="METHOD" missed="1" covered="0"/></method><method name="&lt;clinit&gt;" desc="()V" line="41"><counter type="INSTRUCTION" missed="0" covered="5"/><counter type="LINE" missed="0" covered="1"/><counter type="COMPLEXITY" missed="0" covered="1"/><counter type="METHOD" missed="0" covered="1"/></method><counter type="INSTRUCTION" missed="285" covered="279"/><counter type="BRANCH" missed="25" covered="25"/><counter type="LINE" missed="51" covered="57"/><counter type="COMPLEXITY" missed="19" covered="19"/><counter type="METHOD" missed="3" covered="10"/><counter type="CLASS" missed="0" covered="1"/></class><sourcefile name="GraphvizDot.java"><line nr="41" mi="0" ci="5" mb="0" cb="0"/><line nr="45" mi="0" ci="6" mb="0" cb="0"/><line nr="46" mi="0" ci="6" mb="0" cb="0"/><line nr="47" mi="0" ci="4" mb="0" cb="0"/><line nr="49" mi="0" ci="5" mb="0" cb="0"/><line nr="56" mi="0" ci="2" mb="0" cb="0"/><line nr="57" mi="0" ci="3" mb="0" cb="0"/><line nr="58" mi="0" ci="4" mb="0" cb="0"/><line nr="59" mi="0" ci="2" mb="0" cb="0"/><line nr="60" mi="0" ci="4" mb="0" cb="0"/><line nr="61" mi="0" ci="1" mb="0" cb="0"/><line nr="64" mi="0" ci="2" mb="0" cb="0"/><line nr="69" mi="0" ci="12" mb="0" cb="0"/><line nr="72" mi="0" ci="4" mb="0" cb="0"/><line nr="73" mi="0" ci="9" mb="0" cb="0"/><line nr="74" mi="0" ci="3" mb="0" cb="0"/><line nr="75" mi="0" ci="4" mb="0" cb="0"/><line nr="78" mi="0" ci="5" mb="0" cb="0"/><line nr="79" mi="0" ci="3" mb="1" cb="1"/><line nr="80" mi="0" ci="4" mb="0" cb="0"/><line nr="82" mi="6" ci="0" mb="0" cb="0"/><line nr="84" mi="1" ci="0" mb="0" cb="0"/><line nr="85" mi="6" ci="0" mb="0" cb="0"/><line nr="86" mi="0" ci="1" mb="0" cb="0"/><line nr="88" mi="0" ci="5" mb="0" cb="0"/><line nr="92" mi="0" ci="3" mb="0" cb="2"/><line nr="93" mi="0" ci="1" mb="0" cb="0"/><line nr="95" mi="0" ci="11" mb="0" cb="0"/><line nr="97" mi="0" ci="5" mb="0" cb="0"/><line nr="98" mi="0" ci="10" mb="0" cb="0"/><line nr="99" mi="0" ci="7" mb="0" cb="0"/><line nr="101" mi="0" ci="4" mb="0" cb="0
[...]
"2"/><line nr="44" mi="0" ci="15" mb="0" cb="0"/><line nr="46" mi="0" ci="3" mb="0" cb="2"/><line nr="47" mi="0" ci="15" mb="0" cb="0"/><line nr="49" mi="0" ci="3" mb="0" cb="2"/><line nr="50" mi="0" ci="3" mb="0" cb="2"/><line nr="51" mi="0" ci="5" mb="0" cb="0"/><line nr="53" mi="0" ci="16" mb="0" cb="0"/><line nr="56" mi="0" ci="3" mb="1" cb="1"/><line nr="57" mi="3" ci="0" mb="2" cb="0"/><line nr="58" mi="5" ci="0" mb="0" cb="0"/><line nr="60" mi="14" ci="0" mb="0" cb="0"/><line nr="63" mi="0" ci="2" mb="0" cb="0"/><line nr="67" mi="0" ci="4" mb="0" cb="0"/><line nr="68" mi="0" ci="4" mb="0" cb="2"/><line nr="70" mi="0" ci="5" mb="0" cb="0"/><line nr="71" mi="1" ci="0" mb="0" cb="0"/><line nr="72" mi="12" ci="0" mb="0" cb="0"/><line nr="73" mi="2" ci="0" mb="0" cb="0"/><line nr="76" mi="0" ci="2" mb="0" cb="0"/><line nr="80" mi="0" ci="6" mb="0" cb="0"/><counter type="INSTRUCTION" missed="37" covered="114"/><counter type="BRANCH" missed="3" covered="13"/><counter type="LINE" missed="6" covered="19"/><counter type="COMPLEXITY" missed="2" covered="11"/><counter type="METHOD" missed="0" covered="5"/><counter type="CLASS" missed="0" covered="1"/></sourcefile><sourcefile name="DotTableFormatter.java"><line nr="44" mi="2" ci="0" mb="0" cb="0"/><line nr="45" mi="3" ci="0" mb="0" cb="0"/><line nr="46" mi="3" ci="0" mb="0" cb="0"/><line nr="47" mi="1" ci="0" mb="0" cb="0"/><line nr="54" mi="8" ci="0" mb="0" cb="0"/><line nr="61" mi="8" ci="0" mb="0" cb="0"/><line nr="62" mi="1" ci="0" mb="0" cb="0"/><line nr="69" mi="4" ci="0" mb="0" cb="0"/><line nr="70" mi="4" ci="0" mb="0" cb="0"/><line nr="72" mi="2" ci="0" mb="0" cb="0"/><line nr="74" mi="17" ci="0" mb="4" cb="0"/><line nr="75" mi="6" ci="0" mb="0" cb="0"/><line nr="77" mi="6" ci="0" mb="0" cb="0"/><line nr="79" mi="8" ci="0" mb="0" cb="0"/><line nr="80" mi="4" ci="0" mb="0" cb="0"/><line nr="82" mi="4" ci="0" mb="0" cb="0"/><line nr="85" mi="10" ci="0" mb="2" cb="0"/><line nr="86" mi="4" ci="0" mb="2" cb="0"/><line nr="87" mi="1" ci="0" mb="0" cb="0"/><line nr="89" mi="16" ci="0" mb="0" cb="0"/><line nr="90" mi="9" ci="0" mb="0" cb="0"/><line nr="91" mi="1" ci="0" mb="0" cb="0"/><line nr="95" mi="10" ci="0" mb="2" cb="0"/><line nr="96" mi="4" ci="0" mb="2" cb="0"/><line nr="97" mi="2" ci="0" mb="0" cb="0"/><line nr="98" mi="1" ci="0" mb="0" cb="0"/><line nr="100" mi="4" ci="0" mb="0" cb="0"/><line nr="101" mi="4" ci="0" mb="0" cb="0"/><line nr="104" mi="2" ci="0" mb="2" cb="0"/><line nr="105" mi="10" ci="0" mb="2" cb="0"/><line nr="106" mi="6" ci="0" mb="0" cb="0"/><line nr="108" mi="10" ci="0" mb="2" cb="0"/><line nr="109" mi="4" ci="0" mb="2" cb="0"/><line nr="110" mi="1" ci="0" mb="0" cb="0"/><line nr="112" mi="9" ci="0" mb="0" cb="0"/><line nr="113" mi="14" ci="0" mb="0" cb="0"/><line nr="114" mi="1" ci="0" mb="0" cb="0"/><line nr="116" mi="4" ci="0" mb="0" cb="0"/><line nr="117" mi="1" ci="0" mb="0" cb="0"/><line nr="122" mi="6" ci="0" mb="0" cb="0"/><line nr="123" mi="3" ci="0" mb="0" cb="0"/><line nr="124" mi="3" ci="0" mb="2" cb="0"/><line nr="125" mi="4" ci="0" mb="0" cb="0"/><line nr="126" mi="2" ci="0" mb="0" cb="0"/><line nr="128" mi="10" ci="0" mb="2" cb="0"/><line nr="129" mi="15" ci="0" mb="2" cb="0"/><line nr="130" mi="10" ci="0" mb="6" cb="0"/><line nr="131" mi="5" ci="0" mb="0" cb="0"/><line nr="133" mi="4" ci="0" mb="0" cb="0"/><line nr="135" mi="1" ci="0" mb="0" cb="0"/><line nr="136" mi="1" ci="0" mb="0" cb="0"/><line nr="137" mi="1" ci="0" mb="0" cb="0"/><line nr="139" mi="4" ci="0" mb="0" cb="0"/><line nr="143" mi="10" ci="0" mb="2" cb="0"/><line nr="144" mi="10" ci="0" mb="4" cb="0"/><line nr="145" mi="2" ci="0" mb="0" cb="0"/><line nr="146" mi="10" ci="0" mb="4" cb="0"/><line nr="147" mi="2" ci="0" mb="0" cb="0"/><line nr="148" mi="1" ci="0" mb="0" cb="0"/><line nr="151" mi="16" ci="0" mb="0" cb="0"/><line nr="153" mi="4" ci="0" mb="0" cb="0"/><line nr="154" mi="10" ci="0" mb="2" cb="0"/><line nr="155" mi="3" ci="0" mb="2" cb="0"/><line nr="156" mi="6" ci="0" mb="0" cb="0"/><line nr="157" mi="2" ci="0" mb="2" cb="0"/><line nr="158" mi="3" ci="0" mb="0" cb="0"/><line nr="159" mi="6" ci="0" mb="0" cb="0"/><line nr="160" mi="2" ci="0" mb="2" cb="0"/><line nr="161" mi="3" ci="0" mb="0" cb="0"/><line nr="163" mi="4" ci="0" mb="0" cb="0"/><line nr="164" mi="1" ci="0" mb="0" cb="0"/><line nr="166" mi="11" ci="0" mb="2" cb="0"/><line nr="167" mi="4" ci="0" mb="0" cb="0"/><line nr="168" mi="4" ci="0" mb="0" cb="0"/><line nr="169" mi="1" ci="0" mb="0" cb="0"/><line nr="171" mi="3" ci="0" mb="0" cb="0"/><line nr="173" mi="2" ci="0" mb="0" cb="0"/><line nr="177" mi="4" ci="0" mb="0" cb="0"/><line nr="179" mi="11" ci="0" mb="2" cb="0"/><line nr="180" mi="8" ci="0" mb="6" cb="0"/><line nr="181" mi="1" ci="0" mb="0" cb="0"/><line nr="184" mi="11" ci="0" mb="2" cb="0"/><line nr="185" mi="8" ci="0" mb="6" cb="0"/><line nr="186" mi="1" ci="0" mb="0" cb="0"/><line nr="189" mi="4" ci="0" mb="0" cb="0"/><line nr="190" mi="5" ci="0" mb="4" cb="0"/><line nr="191" mi="5" ci="0" mb="0" cb="0"/><line nr="193" mi="4" ci="0" mb="0" cb="0"/><line nr="194" mi="1" ci="0" mb="0" cb="0"/><line nr="196" mi="11" ci="0" mb="2" cb="0"/><line nr="197" mi="8" ci="0" mb="6" cb="0"/><line nr="198" mi="1" ci="0" mb="0" cb="0"/><line nr="201" mi="4" ci="0" mb="0" cb="0"/><line nr="202" mi="5" ci="0" mb="4" cb="0"/><line nr="203" mi="5" ci="0" mb="0" cb="0"/><line nr="205" mi="4" ci="0" mb="0" cb="0"/><line nr="206" mi="1" ci="0" mb="0" cb="0"/><line nr="207" mi="1" ci="0" mb="0" cb="0"/><line nr="209" mi="4" ci="0" mb="0" cb="0"/><line nr="210" mi="10" ci="0" mb="2" cb="0"/><line nr="211" mi="6" ci="0" mb="0" cb="0"/><line nr="213" mi="4" ci="0" mb="0" cb="0"/><line nr="215" mi="2" ci="0" mb="0" cb="0"/><line nr="219" mi="10" ci="0" mb="2" cb="0"/><line nr="220" mi="6" ci="0" mb="0" cb="0"/><line nr="221" mi="2" ci="0" mb="2" cb="0"/><line nr="222" mi="3" ci="0" mb="0" cb="0"/><line nr="224" mi="1" ci="0" mb="0" cb="0"/><line nr="225" mi="1" ci="0" mb="0" cb="0"/><counter type="INSTRUCTION" missed="550" covered="0"/><counter type="BRANCH" missed="90" covered="0"/><counter type="LINE" missed="109" covered="0"/><counter type="COMPLEXITY" missed="51" covered="0"/><counter type="METHOD" missed="6" covered="0"/><counter type="CLASS" missed="1" covered="0"/></sourcefile><sourcefile name="DotConnector.java"><line nr="47" mi="2" ci="0" mb="0" cb="0"/><line nr="48" mi="3" ci="0" mb="0" cb="0"/><line nr="49" mi="3" ci="0" mb="0" cb="0"/><line nr="50" mi="3" ci="0" mb="0" cb="0"/><line nr="51" mi="4" ci="0" mb="0" cb="0"/><line nr="52" mi="4" ci="0" mb="0" cb="0"/><line nr="53" mi="4" ci="0" mb="0" cb="0"/><line nr="54" mi="4" ci="0" mb="0" cb="0"/><line nr="55" mi="1" ci="0" mb="0" cb="0"/><line nr="64" mi="5" ci="0" mb="0" cb="0"/><line nr="68" mi="3" ci="0" mb="0" cb="0"/><line nr="78" mi="12" ci="0" mb="0" cb="0"/><line nr="79" mi="1" ci="0" mb="0" cb="0"/><line nr="82" mi="3" ci="0" mb="0" cb="0"/><line nr="83" mi="1" ci="0" mb="0" cb="0"/><line nr="86" mi="3" ci="0" mb="0" cb="0"/><line nr="87" mi="1" ci="0" mb="0" cb="0"/><line nr="91" mi="4" ci="0" mb="0" cb="0"/><line nr="92" mi="4" ci="0" mb="0" cb="0"/><line nr="93" mi="4" ci="0" mb="2" cb="0"/><line nr="94" mi="6" ci="0" mb="0" cb="0"/><line nr="95" mi="4" ci="0" mb="0" cb="0"/><line nr="97" mi="6" ci="0" mb="0" cb="0"/><line nr="98" mi="4" ci="0" mb="0" cb="0"/><line nr="99" mi="5" ci="0" mb="0" cb="0"/><line nr="100" mi="4" ci="0" mb="0" cb="0"/><line nr="101" mi="4" ci="0" mb="0" cb="0"/><line nr="102" mi="4" ci="0" mb="2" cb="0"/><line nr="103" mi="6" ci="0" mb="0" cb="0"/><line nr="104" mi="4" ci="0" mb="0" cb="0"/><line nr="106" mi="6" ci="0" mb="0" cb="0"/><line nr="107" mi="4" ci="0" mb="0" cb="0"/><line nr="108" mi="5" ci="0" mb="0" cb="0"/><line nr="109" mi="4" ci="0" mb="0" cb="0"/><line nr="110" mi="4" ci="0" mb="0" cb="0"/><line nr="114" mi="2" ci="0" mb="0" cb="0"/><line nr="128" mi="4" ci="0" mb="0" cb="0"/><line nr="129" mi="4" ci="0" mb="0" cb="0"/><line nr="133" mi="4" ci="0" mb="0" cb="0"/><line nr="134" mi="4" ci="0" mb="2" cb="0"/><line nr="135" mi="5" ci="0" mb="0" cb="0"/><line nr="137" mi="4" ci="0" mb="0" cb="0"/><line nr="139" mi="3" ci="0" mb="2" cb="0"/><line nr="140" mi="4" ci="0" mb="0" cb="0"/><line nr="141" mi="4" ci="0" mb="0" cb="0"/><line nr="143" mi="3" ci="0" mb="0" cb="0"/><line nr="147" mi="6" ci="0" mb="0" cb="0"/><line nr="148" mi="2" ci="0" mb="2" cb="0"/><line nr="149" mi="8" ci="0" mb="0" cb="0"/><line nr="150" mi="2" ci="0" mb="2" cb="0"/><line nr="151" mi="6" ci="0" mb="0" cb="0"/><line nr="152" mi="2" ci="0" mb="2" cb="0"/><line nr="153" mi="8" ci="0" mb="0" cb="0"/><line nr="154" mi="7" ci="0" mb="4" cb="0"/><line nr="155" mi="7" ci="0" mb="2" cb="0"/><line nr="156" mi="2" ci="0" mb="0" cb="0"/><line nr="161" mi="3" ci="0" mb="2" cb="0"/><line nr="162" mi="2" ci="0" mb="0" cb="0"/><line nr="163" mi="9" ci="0" mb="2" cb="0"/><line nr="168" mi="10" ci="0" mb="2" cb="0"/><line nr="169" mi="10" ci="0" mb="2" cb="0"/><line nr="170" mi="6" ci="0" mb="0" cb="0"/><line nr="174" mi="3" ci="0" mb="0" cb="0"/><line nr="178" mi="3" ci="0" mb="0" cb="0"/><line nr="182" mi="3" ci="0" mb="0" cb="0"/><line nr="186" mi="3" ci="0" mb="0" cb="0"/><counter type="INSTRUCTION" missed="282" covered="0"/><counter type="BRANCH" missed="28" covered="0"/><counter type="LINE" missed="66" covered="0"/><counter type="COMPLEXITY" missed="28" covered="0"/><counter type="METHOD" missed="14" covered="0"/><counter type="CLASS" missed="1" covered="0"/></sourcefile><sourcefile name="DotConnectorFinder.java"><line nr="35" mi="5" ci="0" mb="0" cb="0"/><line nr="44" mi="2" ci="0" mb="0" cb="0"/><line nr="54" mi="4" ci="0" mb="0" cb="0"/><line nr="56" mi="11" ci="0" mb="2" cb="0"/><line nr="57" mi="9" ci="0" mb="0" cb="0"/><line nr="58" mi="1" ci="0" mb="0" cb="0"/><line nr="60" mi="2" ci="0" mb="0" cb="0"/><line nr="72" mi="4" ci="0" mb="0" cb="0"/><line nr="74" mi="11" ci="0" mb="2" cb="0"/><line nr="75" mi="9" ci="0" mb="0" cb="0"/><line nr="76" mi="1" ci="0" mb="0" cb="0"/><line nr="78" mi="11" ci="0" mb="2" cb="0"/><line nr="79" mi="9" ci="0" mb="0" cb="0"/><line nr="80" mi="1" ci="0" mb="0" cb="0"/><line nr="82" mi="2" ci="0" mb="0" cb="0"/><line nr="92" mi="4" ci="0" mb="0" cb="0"/><line nr="93" mi="5" ci="0" mb="4" cb="0"/><line nr="94" mi="2" ci="0" mb="0" cb="0"/><line nr="96" mi="11" ci="0" mb="2" cb="0"/><line nr="97" mi="3" ci="0" mb="0" cb="0"/><line nr="98" mi="5" ci="0" mb="4" cb="0"/><line nr="99" mi="1" ci="0" mb="0" cb="0"/><line nr="100" mi="7" ci="0" mb="6" cb="0"/><line nr="101" mi="1" ci="0" mb="0" cb="0"/><line nr="102" mi="5" ci="0" mb="0" cb="0"/><line nr="103" mi="4" ci="0" mb="4" cb="0"/><line nr="104" mi="9" ci="0" mb="0" cb="0"/><line nr="106" mi="1" ci="0" mb="0" cb="0"/><line nr="108" mi="11" ci="0" mb="2" cb="0"/><line nr="109" mi="3" ci="0" mb="0" cb="0"/><line nr="110" mi="5" ci="0" mb="4" cb="0"/><line nr="111" mi="1" ci="0" mb="0" cb="0"/><line nr="112" mi="7" ci="0" mb="6" cb="0"/><line nr="113" mi="1" ci="0" mb="0" cb="0"/><line nr="114" mi="5" ci="0" mb="0" cb="0"/><line nr="115" mi="4" ci="0" mb="4" cb="0"/><line nr="116" mi="9" ci="0" mb="0" cb="0"/><line nr="118" mi="1" ci="0" mb="0" cb="0"/><line nr="120" mi="2" ci="0" mb="0" cb="0"/><counter type="INSTRUCTION" missed="189" covered="0"/><counter type="BRANCH" missed="42" covered="0"/><counter type="LINE" missed="39" covered="0"/><counter type="COMPLEXITY" missed="26" covered="0"/><counter type="METHOD" missed="5" covered="0"/><counter type="CLASS" missed="1" covered="0"/></sourcefile><sourcefile name="DotFormatter.java"><line nr="52" mi="2" ci="0" mb="0" cb="0"/><line nr="53" mi="3" ci="0" mb="0" cb="0"/><line nr="54" mi="6" ci="0" mb="0" cb="0"/><line nr="55" mi="8" ci="0" mb="0" cb="0"/><line nr="56" mi="8" ci="0" mb="0" cb="0"/><line nr="57" mi="8" ci="0" mb="0" cb="0"/><line nr="58" mi="1" ci="0" mb="0" cb="0"/><line nr="61" mi="9" ci="0" mb="0" cb="0"/><line nr="62" mi="1" ci="0" mb="0" cb="0"/><line nr="65" mi="10" ci="0" mb="0" cb="0"/><line nr="69" mi="8" ci="0" mb="0" cb="0"/><line nr="73" mi="7" ci="0" mb="0" cb="0"/><line nr="74" mi="1" ci="0" mb="0" cb="0"/><line nr="77" mi="5" ci="0" mb="0" cb="0"/><line nr="78" mi="1" ci="0" mb="0" cb="0"/><counter type="INSTRUCTION" missed="78" covered="0"/><counter type="LINE" missed="15" covered="0"/><counter type="COMPLEXITY" missed="6" covered="0"/><counter type="METHOD" missed="6" covered="0"/><counter type="CLASS" missed="1" covered="0"/></sourcefile><sourcefile name="DotNode.java"><line nr="57" mi="0" ci="4" mb="0" cb="0"/><line nr="58" mi="0" ci="4" mb="0" cb="0"/><line nr="59" mi="0" ci="3" mb="0" cb="0"/><line nr="67" mi="0" ci="5" mb="0" cb="0"/><line nr="68" mi="0" ci="4" mb="0" cb="0"/><line nr="73" mi="0" ci="2" mb="0" cb="0"/><line nr="74" mi="0" ci="3" mb="0" cb="0"/><line nr="75" mi="0" ci="3" mb="0" cb="0"/><line nr="76" mi="0" ci="3" mb="0" cb="0"/><line nr="77" mi="0" ci="5" mb="0" cb="0"/><line nr="78" mi="1" ci="7" mb="1" cb="1"/><line nr="79" mi="0" ci="1" mb="0" cb="0"/><line nr="82" mi="0" ci="4" mb="1" cb="1"/><line nr="83" mi="24" ci="0" mb="2" cb="0"/><line nr="85" mi="0" ci="2" mb="0" cb="2"/><line nr="86" mi="1" ci="18" mb="1" cb="1"/><line nr="88" mi="0" ci="19" mb="0" cb="2"/><line nr="93" mi="3" ci="0" mb="0" cb="0"/><line nr="94" mi="1" ci="0" mb="0" cb="0"/><line nr="97" mi="3" ci="0" mb="0" cb="0"/><line nr="101" mi="5" ci="0" mb="0" cb="0"/><line nr="102" mi="1" ci="0" mb="0" cb="0"/><line nr="106" mi="0" ci="4" mb="0" cb="0"/><line nr="107" mi="0" ci="4" mb="0" cb="0"/><line nr="109" mi="0" ci="24" mb="0" cb="2"/><line nr="110" mi="0" ci="4" mb="0" cb="0"/><line nr="111" mi="1" ci="7" mb="1" cb="1"/><line nr="112" mi="2" ci="6" mb="1" cb="1"/><line nr="114" mi="0" ci="16" mb="0" cb="0"/><line nr="115" mi="0" ci="12" mb="0" cb="0"/><line nr="116" mi="1" ci="26" mb="1" cb="1"/><line nr="117" mi="0" ci="4" mb="0" cb="0"/><line nr="118" mi="0" ci="18" mb="0" cb="0"/><line nr="119" mi="0" ci="4" mb="0" cb="0"/><line nr="120" mi="0" ci="4" mb="0" cb="0"/><line nr="121" mi="0" ci="20" mb="0" cb="0"/><line nr="122" mi="0" ci="15" mb="0" cb="0"/><line nr="123" mi="0" ci="4" mb="0" cb="0"/><line nr="124" mi="0" ci="4" mb="0" cb="0"/><line nr="125" mi="0" ci="4" mb="0" cb="0"/><line nr="126" mi="0" ci="12" mb="0" cb="0"/><line nr="128" mi="0" ci="5" mb="0" cb="0"/><line nr="129" mi="0" ci="4" mb="1" cb="1"/><line nr="130" mi="0" ci="5" mb="0" cb="0"/><line nr="133" mi="0" ci="12" mb="0" cb="0"/><line nr="134" mi="0" ci="8" mb="1" cb="3"/><line nr="135" mi="0" ci="20" mb="0" cb="0"/><line nr="136" mi="0" ci="12" mb="0" cb="0"/><line nr="138" mi="0" ci="17" mb="0" cb="0"/><line nr="139" mi="0" ci="4" mb="0" cb="0"/><line nr="141" mi="0" ci="3" mb="0" cb="0"/><line nr="145" mi="0" ci="4" mb="0" cb="0"/><line nr="146" mi="0" ci="2" mb="0" cb="0"/><line nr="148" mi="0" ci="4" mb="1" cb="1"/><line nr="149" mi="0" ci="3" mb="0" cb="0"/><line nr="150" mi="0" ci="3" mb="0" cb="0"/><line nr="151" mi="0" ci="12" mb="0" cb="2"/><line nr="152" mi="14" ci="4" mb="9" cb="1"/><line nr="153" mi="0" ci="9" mb="0" cb="0"/><line nr="155" mi="2" ci="0" mb="0" cb="0"/><line nr="157" mi="0" ci="1" mb="0" cb="0"/><line nr="160" mi="0" ci="6" mb="2" cb="2"/><line nr="161" mi="12" ci="0" mb="0" cb="0"/><line nr="163" mi="0" ci="3" mb="0" cb="0"/><line nr="167" mi="0" ci="4" mb="0" cb="0"/><line nr="168" mi="4" ci="8" mb="1" cb="1"/><line nr="169" mi="5" ci="0" mb="0" cb="0"/><line nr="170" mi="1" ci="0" mb="0" cb="0"/><line nr="171" mi="0" ci="6" mb="0" cb="0"/><line nr="172" mi="0" ci="2" mb="0" cb="0"/><line nr="176" mi="0" ci="4" mb="0" cb="0"/><line nr="177" mi="0" ci="2" mb="0" cb="0"/><line nr="181" mi="0" ci="6" mb="0" cb="0"/><line nr="182" mi="0" ci="12" mb="0" cb="2"/><line nr="183" mi="0" ci="5" mb="0" cb="0"/><line nr="184" mi="0" ci="3" mb="1" cb="1"/><line nr="185" mi="2" ci="0" mb="0" cb="0"/><line nr="187" mi="0" ci="1" mb="0" cb="0"/><line nr="188" mi="0" ci="2" mb="0" cb="0"/><line nr="192" mi="0" ci="4" mb="0" cb="0"/><line nr="193" mi="0" ci="7" mb="0" cb="0"/><line nr="194" mi="0" ci="6" mb="0" cb="0"/><line nr="195" mi="0" ci="9" mb="0" cb="0"/><line nr="196" mi="0" ci="7" mb="0" cb="0"/><line nr="200" mi="0" ci="4" mb="0" cb="0"/><line nr="201" mi="0" ci="4" mb="0" cb="0"/><line nr="202" mi="0" ci="18" mb="0" cb="0"/><line nr="203" mi="0" ci="5" mb="1" cb="1"/><line nr="204" mi="15" ci="0" mb="0" cb="0"/><line nr="205" mi="0" ci="4" mb="1" cb="1"/><line nr="206" mi="14" ci="0" mb="0" cb="0"/><line nr="207" mi="0" ci="4" mb="0" cb="0"/><line nr="208" mi="0" ci="4" mb="0" cb="0"/><line nr="209" mi="0" ci="4" mb="0" cb="0"/><line nr="210" mi="0" ci="4" mb="0" cb="0"/><line nr="211" mi="0" ci="3" mb="1" cb="1"/><line nr="212" mi="5" ci="0" mb="0" cb="0"/><line nr="213" mi="0" ci="3" mb="1" cb="1"/><line nr="214" mi="4" ci="0" mb="0" cb="0"/><line nr="216" mi="0" ci="4" mb="0" cb="0"/><line nr="217" mi="0" ci="13" mb="0" cb="0"/><line nr="218" mi="0" ci="6" mb="0" cb="0"/><line nr="219" mi="0" ci="4" mb="0" cb="0"/><line nr="220" mi="0" ci="4" mb="0" cb="0"/><line nr="221" mi="0" ci="4" mb="0" cb="0"/><line nr="222" mi="0" ci="4" mb="0" cb="0"/><line nr="224" mi="0" ci="4" mb="1" cb="1"/><line nr="225" mi="0" ci="4" mb="0" cb="0"/><line nr="226" mi="0" ci="6" mb="0" cb="0"/><line nr="227" mi="0" ci="4" mb="0" cb="0"/><line nr="228" mi="0" ci="7" mb="0" cb="0"/><line nr="229" mi="0" ci="8" mb="1" cb="3"/><line nr="230" mi="0" ci="4" mb="0" cb="0"/><line nr="231" mi="0" ci="6" mb="0" cb="0"/><line nr="232" mi="0" ci="4" mb="0" cb="0"/><line nr="234" mi="0" ci="4" mb="0" cb="0"/><line nr="236" mi="0" ci="12" mb="0" cb="0"/><line nr="237" mi="0" ci="3" mb="0" cb="0"/><line nr="241" mi="0" ci="4" mb="0" cb="0"/><line nr="242" mi="0" ci="4" mb="0" cb="0"/><line nr="243" mi="0" ci="14" mb="0" cb="0"/><line nr="244" mi="4" ci="7" mb="1" cb="1"/><line nr="245" mi="0" ci="6" mb="2" cb="2"/><line nr="246" mi="0" ci="12" mb="0" cb="0"/><line nr="248" mi="4" ci="0" mb="0" cb="0"/><line nr="250" mi="0" ci="4" mb="0" cb="0"/><line nr="251" mi="0" ci="14" mb="0" cb="0"/><line nr="252" mi="0" ci="4" mb="0" cb="0"/><line nr="253" mi="0" ci="8" mb="2" cb="2"/><line nr="254" mi="0" ci="6" mb="0" cb="0"/><line nr="255" mi="0" ci="4" mb="0" cb="0"/><line nr="256" mi="0" ci="4" mb="1" cb="1"/><line nr="257" mi="0" ci="5" mb="0" cb="0"/><line nr="259" mi="4" ci="0" mb="0" cb="0"/><line nr="261" mi="0" ci="4" mb="0" cb="0"/><line nr="263" mi="0" ci="14" mb="0" cb="0"/><line nr="264" mi="4" ci="7" mb="1" cb="1"/><line nr="265" mi="0" ci="6" mb="2" cb="2"/><line nr="266" mi="0" ci="12" mb="0" cb="0"/><line nr="268" mi="4" ci="0" mb="0" cb="0"/><line nr="269" mi="0" ci="12" mb="0" cb="0"/><line nr="270" mi="0" ci="3" mb="0" cb="0"/><line nr="280" mi="0" ci="4" mb="0" cb="0"/><line nr="285" mi="0" ci="8" mb="0" cb="0"/><line nr="286" mi="1" ci="0" mb="0" cb="0"/><line nr="287" mi="18" ci="0" mb="0" cb="0"/><line nr="288" mi="2" ci="0" mb="0" cb="0"/><counter type="INSTRUCTION" missed="162" covered="836"/><counter type="BRANCH" missed="39" covered="43"/><counter type="LINE" missed="21" covered="126"/><counter type="COMPLEXITY" missed="37" covered="20"/><counter type="METHOD" missed="3" covered="13"/><counter type="CLASS" missed="0" covered="1"/></sourcefile><counter type="INSTRUCTION" missed="1842" covered="1257"/><counter type="BRANCH" missed="246" covered="84"/><counter type="LINE" missed="367" covered="230"/><counter type="COMPLEXITY" missed="188" covered="59"/><counter type="METHOD" missed="47" covered="35"/><counter type="CLASS" missed="10" covered="5"/></package><counter type="INSTRUCTION" missed="12930" covered="13113"/><counter type="BRANCH" missed="1352" covered="914"/><counter type="LINE" missed="2829" covered="3043"/><counter type="COMPLEXITY" missed="1301" covered="1035"/><counter type="METHOD" missed="470" covered="728"/><counter type="CLASS" missed="41" covered="113"/></report>